mode: set
github.com/pvnkmnk/netrunner/backend/cmd/agent/main.go:20.13,23.16 2 0
github.com/pvnkmnk/netrunner/backend/cmd/agent/main.go:23.16,25.3 1 0
github.com/pvnkmnk/netrunner/backend/cmd/agent/main.go:28.2,29.16 2 0
github.com/pvnkmnk/netrunner/backend/cmd/agent/main.go:29.16,31.3 1 0
github.com/pvnkmnk/netrunner/backend/cmd/agent/main.go:34.2,47.89 5 0
github.com/pvnkmnk/netrunner/backend/cmd/agent/main.go:47.89,49.17 2 0
github.com/pvnkmnk/netrunner/backend/cmd/agent/main.go:49.17,51.4 1 0
github.com/pvnkmnk/netrunner/backend/cmd/agent/main.go:53.3,59.10 1 0
github.com/pvnkmnk/netrunner/backend/cmd/agent/main.go:63.2,65.89 1 0
github.com/pvnkmnk/netrunner/backend/cmd/agent/main.go:65.89,67.17 2 0
github.com/pvnkmnk/netrunner/backend/cmd/agent/main.go:67.17,69.4 1 0
github.com/pvnkmnk/netrunner/backend/cmd/agent/main.go:71.3,72.30 2 0
github.com/pvnkmnk/netrunner/backend/cmd/agent/main.go:72.30,74.4 1 0
github.com/pvnkmnk/netrunner/backend/cmd/agent/main.go:75.3,75.41 1 0
github.com/pvnkmnk/netrunner/backend/cmd/agent/main.go:79.2,83.89 1 0
github.com/pvnkmnk/netrunner/backend/cmd/agent/main.go:83.89,85.16 2 0
github.com/pvnkmnk/netrunner/backend/cmd/agent/main.go:85.16,87.4 1 0
github.com/pvnkmnk/netrunner/backend/cmd/agent/main.go:88.3,89.18 2 0
github.com/pvnkmnk/netrunner/backend/cmd/agent/main.go:89.18,91.4 1 0
github.com/pvnkmnk/netrunner/backend/cmd/agent/main.go:93.3,93.60 1 0
github.com/pvnkmnk/netrunner/backend/cmd/agent/main.go:93.60,95.4 1 0
github.com/pvnkmnk/netrunner/backend/cmd/agent/main.go:97.3,97.92 1 0
github.com/pvnkmnk/netrunner/backend/cmd/agent/main.go:101.2,103.89 1 0
github.com/pvnkmnk/netrunner/backend/cmd/agent/main.go:103.89,105.17 2 0
github.com/pvnkmnk/netrunner/backend/cmd/agent/main.go:105.17,107.4 1 0
github.com/pvnkmnk/netrunner/backend/cmd/agent/main.go:109.3,110.27 2 0
github.com/pvnkmnk/netrunner/backend/cmd/agent/main.go:110.27,112.18 2 0
github.com/pvnkmnk/netrunner/backend/cmd/agent/main.go:112.18,114.5 1 0
github.com/pvnkmnk/netrunner/backend/cmd/agent/main.go:115.4,115.89 1 0
github.com/pvnkmnk/netrunner/backend/cmd/agent/main.go:117.3,117.41 1 0
github.com/pvnkmnk/netrunner/backend/cmd/agent/main.go:121.2,127.89 1 0
github.com/pvnkmnk/netrunner/backend/cmd/agent/main.go:127.89,134.17 6 0
github.com/pvnkmnk/netrunner/backend/cmd/agent/main.go:134.17,136.4 1 0
github.com/pvnkmnk/netrunner/backend/cmd/agent/main.go:138.3,139.17 2 0
github.com/pvnkmnk/netrunner/backend/cmd/agent/main.go:139.17,141.4 1 0
github.com/pvnkmnk/netrunner/backend/cmd/agent/main.go:143.3,143.116 1 0
github.com/pvnkmnk/netrunner/backend/cmd/agent/main.go:147.2,150.89 1 0
github.com/pvnkmnk/netrunner/backend/cmd/agent/main.go:150.89,152.20 2 0
github.com/pvnkmnk/netrunner/backend/cmd/agent/main.go:152.20,154.4 1 0
github.com/pvnkmnk/netrunner/backend/cmd/agent/main.go:156.3,157.17 2 0
github.com/pvnkmnk/netrunner/backend/cmd/agent/main.go:157.17,159.4 1 0
github.com/pvnkmnk/netrunner/backend/cmd/agent/main.go:161.3,162.17 2 0
github.com/pvnkmnk/netrunner/backend/cmd/agent/main.go:162.17,164.4 1 0
github.com/pvnkmnk/netrunner/backend/cmd/agent/main.go:166.3,166.107 1 0
github.com/pvnkmnk/netrunner/backend/cmd/agent/main.go:170.2,173.89 1 0
github.com/pvnkmnk/netrunner/backend/cmd/agent/main.go:173.89,176.17 3 0
github.com/pvnkmnk/netrunner/backend/cmd/agent/main.go:176.17,178.4 1 0
github.com/pvnkmnk/netrunner/backend/cmd/agent/main.go:180.3,181.26 2 0
github.com/pvnkmnk/netrunner/backend/cmd/agent/main.go:181.26,183.4 1 0
github.com/pvnkmnk/netrunner/backend/cmd/agent/main.go:184.3,184.41 1 0
github.com/pvnkmnk/netrunner/backend/cmd/agent/main.go:188.2,191.89 1 0
github.com/pvnkmnk/netrunner/backend/cmd/agent/main.go:191.89,193.17 2 0
github.com/pvnkmnk/netrunner/backend/cmd/agent/main.go:193.17,195.4 1 0
github.com/pvnkmnk/netrunner/backend/cmd/agent/main.go:197.3,198.17 2 0
github.com/pvnkmnk/netrunner/backend/cmd/agent/main.go:198.17,200.4 1 0
github.com/pvnkmnk/netrunner/backend/cmd/agent/main.go:202.3,203.26 2 0
github.com/pvnkmnk/netrunner/backend/cmd/agent/main.go:203.26,205.4 1 0
github.com/pvnkmnk/netrunner/backend/cmd/agent/main.go:206.3,206.84 1 0
github.com/pvnkmnk/netrunner/backend/cmd/agent/main.go:210.2,215.89 1 0
github.com/pvnkmnk/netrunner/backend/cmd/agent/main.go:215.89,220.34 4 0
github.com/pvnkmnk/netrunner/backend/cmd/agent/main.go:220.34,222.4 1 0
github.com/pvnkmnk/netrunner/backend/cmd/agent/main.go:224.3,225.17 2 0
github.com/pvnkmnk/netrunner/backend/cmd/agent/main.go:225.17,227.4 1 0
github.com/pvnkmnk/netrunner/backend/cmd/agent/main.go:229.3,229.117 1 0
github.com/pvnkmnk/netrunner/backend/cmd/agent/main.go:233.2,235.89 1 0
github.com/pvnkmnk/netrunner/backend/cmd/agent/main.go:235.89,237.17 2 0
github.com/pvnkmnk/netrunner/backend/cmd/agent/main.go:237.17,239.4 1 0
github.com/pvnkmnk/netrunner/backend/cmd/agent/main.go:241.3,242.29 2 0
github.com/pvnkmnk/netrunner/backend/cmd/agent/main.go:242.29,244.4 1 0
github.com/pvnkmnk/netrunner/backend/cmd/agent/main.go:245.3,245.41 1 0
github.com/pvnkmnk/netrunner/backend/cmd/agent/main.go:249.2,252.89 1 0
github.com/pvnkmnk/netrunner/backend/cmd/agent/main.go:252.89,254.18 2 0
github.com/pvnkmnk/netrunner/backend/cmd/agent/main.go:254.18,256.4 1 0
github.com/pvnkmnk/netrunner/backend/cmd/agent/main.go:258.3,259.17 2 0
github.com/pvnkmnk/netrunner/backend/cmd/agent/main.go:259.17,261.4 1 0
github.com/pvnkmnk/netrunner/backend/cmd/agent/main.go:263.3,263.24 1 0
github.com/pvnkmnk/netrunner/backend/cmd/agent/main.go:263.24,265.4 1 0
github.com/pvnkmnk/netrunner/backend/cmd/agent/main.go:267.3,268.29 2 0
github.com/pvnkmnk/netrunner/backend/cmd/agent/main.go:268.29,270.4 1 0
github.com/pvnkmnk/netrunner/backend/cmd/agent/main.go:271.3,271.41 1 0
github.com/pvnkmnk/netrunner/backend/cmd/agent/main.go:275.2,278.89 1 0
github.com/pvnkmnk/netrunner/backend/cmd/agent/main.go:278.89,280.23 2 0
github.com/pvnkmnk/netrunner/backend/cmd/agent/main.go:280.23,282.4 1 0
github.com/pvnkmnk/netrunner/backend/cmd/agent/main.go:284.3,284.63 1 0
github.com/pvnkmnk/netrunner/backend/cmd/agent/main.go:284.63,286.4 1 0
github.com/pvnkmnk/netrunner/backend/cmd/agent/main.go:288.3,288.102 1 0
github.com/pvnkmnk/netrunner/backend/cmd/agent/main.go:292.2,294.89 1 0
github.com/pvnkmnk/netrunner/backend/cmd/agent/main.go:294.89,296.17 2 0
github.com/pvnkmnk/netrunner/backend/cmd/agent/main.go:296.17,298.4 1 0
github.com/pvnkmnk/netrunner/backend/cmd/agent/main.go:300.3,307.41 4 0
github.com/pvnkmnk/netrunner/backend/cmd/agent/main.go:311.2,313.89 1 0
github.com/pvnkmnk/netrunner/backend/cmd/agent/main.go:313.89,315.17 2 0
github.com/pvnkmnk/netrunner/backend/cmd/agent/main.go:315.17,317.4 1 0
github.com/pvnkmnk/netrunner/backend/cmd/agent/main.go:319.3,319.25 1 0
github.com/pvnkmnk/netrunner/backend/cmd/agent/main.go:319.25,321.4 1 0
github.com/pvnkmnk/netrunner/backend/cmd/agent/main.go:323.3,324.30 2 0
github.com/pvnkmnk/netrunner/backend/cmd/agent/main.go:324.30,326.19 2 0
github.com/pvnkmnk/netrunner/backend/cmd/agent/main.go:326.19,328.5 1 0
github.com/pvnkmnk/netrunner/backend/cmd/agent/main.go:329.4,330.30 2 0
github.com/pvnkmnk/netrunner/backend/cmd/agent/main.go:330.30,332.5 1 0
github.com/pvnkmnk/netrunner/backend/cmd/agent/main.go:333.4,334.85 1 0
github.com/pvnkmnk/netrunner/backend/cmd/agent/main.go:336.3,336.41 1 0
github.com/pvnkmnk/netrunner/backend/cmd/agent/main.go:340.2,342.89 1 0
github.com/pvnkmnk/netrunner/backend/cmd/agent/main.go:342.89,344.17 2 0
github.com/pvnkmnk/netrunner/backend/cmd/agent/main.go:344.17,346.4 1 0
github.com/pvnkmnk/netrunner/backend/cmd/agent/main.go:348.3,348.26 1 0
github.com/pvnkmnk/netrunner/backend/cmd/agent/main.go:348.26,350.4 1 0
github.com/pvnkmnk/netrunner/backend/cmd/agent/main.go:352.3,353.33 2 0
github.com/pvnkmnk/netrunner/backend/cmd/agent/main.go:353.33,355.4 1 0
github.com/pvnkmnk/netrunner/backend/cmd/agent/main.go:356.3,356.41 1 0
github.com/pvnkmnk/netrunner/backend/cmd/agent/main.go:360.2,363.89 1 0
github.com/pvnkmnk/netrunner/backend/cmd/agent/main.go:363.89,365.21 2 0
github.com/pvnkmnk/netrunner/backend/cmd/agent/main.go:365.21,367.4 1 0
github.com/pvnkmnk/netrunner/backend/cmd/agent/main.go:368.3,369.17 2 0
github.com/pvnkmnk/netrunner/backend/cmd/agent/main.go:369.17,371.4 1 0
github.com/pvnkmnk/netrunner/backend/cmd/agent/main.go:372.3,373.17 2 0
github.com/pvnkmnk/netrunner/backend/cmd/agent/main.go:373.17,375.4 1 0
github.com/pvnkmnk/netrunner/backend/cmd/agent/main.go:376.3,376.106 1 0
github.com/pvnkmnk/netrunner/backend/cmd/agent/main.go:380.2,384.89 1 0
github.com/pvnkmnk/netrunner/backend/cmd/agent/main.go:384.89,387.31 3 0
github.com/pvnkmnk/netrunner/backend/cmd/agent/main.go:387.31,389.4 1 0
github.com/pvnkmnk/netrunner/backend/cmd/agent/main.go:390.3,391.17 2 0
github.com/pvnkmnk/netrunner/backend/cmd/agent/main.go:391.17,393.4 1 0
github.com/pvnkmnk/netrunner/backend/cmd/agent/main.go:394.3,394.121 1 0
github.com/pvnkmnk/netrunner/backend/cmd/agent/main.go:398.2,400.89 1 0
github.com/pvnkmnk/netrunner/backend/cmd/agent/main.go:400.89,402.17 2 0
github.com/pvnkmnk/netrunner/backend/cmd/agent/main.go:402.17,404.4 1 0
github.com/pvnkmnk/netrunner/backend/cmd/agent/main.go:405.3,405.24 1 0
github.com/pvnkmnk/netrunner/backend/cmd/agent/main.go:405.24,407.4 1 0
github.com/pvnkmnk/netrunner/backend/cmd/agent/main.go:408.3,409.29 2 0
github.com/pvnkmnk/netrunner/backend/cmd/agent/main.go:409.29,412.4 1 0
github.com/pvnkmnk/netrunner/backend/cmd/agent/main.go:413.3,413.41 1 0
github.com/pvnkmnk/netrunner/backend/cmd/agent/main.go:417.2,420.89 1 0
github.com/pvnkmnk/netrunner/backend/cmd/agent/main.go:420.89,422.18 2 0
github.com/pvnkmnk/netrunner/backend/cmd/agent/main.go:422.18,424.4 1 0
github.com/pvnkmnk/netrunner/backend/cmd/agent/main.go:425.3,426.17 2 0
github.com/pvnkmnk/netrunner/backend/cmd/agent/main.go:426.17,428.4 1 0
github.com/pvnkmnk/netrunner/backend/cmd/agent/main.go:429.3,429.52 1 0
github.com/pvnkmnk/netrunner/backend/cmd/agent/main.go:429.52,431.4 1 0
github.com/pvnkmnk/netrunner/backend/cmd/agent/main.go:432.3,432.78 1 0
github.com/pvnkmnk/netrunner/backend/cmd/agent/main.go:436.2,439.89 1 0
github.com/pvnkmnk/netrunner/backend/cmd/agent/main.go:439.89,441.18 2 0
github.com/pvnkmnk/netrunner/backend/cmd/agent/main.go:441.18,443.4 1 0
github.com/pvnkmnk/netrunner/backend/cmd/agent/main.go:444.3,445.17 2 0
github.com/pvnkmnk/netrunner/backend/cmd/agent/main.go:445.17,447.4 1 0
github.com/pvnkmnk/netrunner/backend/cmd/agent/main.go:448.3,448.51 1 0
github.com/pvnkmnk/netrunner/backend/cmd/agent/main.go:448.51,450.4 1 0
github.com/pvnkmnk/netrunner/backend/cmd/agent/main.go:451.3,451.87 1 0
github.com/pvnkmnk/netrunner/backend/cmd/agent/main.go:455.2,455.45 1 0
github.com/pvnkmnk/netrunner/backend/cmd/agent/main.go:455.45,458.3 2 0
github.com/pvnkmnk/netrunner/backend/cmd/server/main.go:23.13,26.16 2 0
github.com/pvnkmnk/netrunner/backend/cmd/server/main.go:26.16,28.3 1 0
github.com/pvnkmnk/netrunner/backend/cmd/server/main.go:31.2,32.16 2 0
github.com/pvnkmnk/netrunner/backend/cmd/server/main.go:32.16,34.3 1 0
github.com/pvnkmnk/netrunner/backend/cmd/server/main.go:37.2,37.45 1 0
github.com/pvnkmnk/netrunner/backend/cmd/server/main.go:37.45,39.3 1 0
github.com/pvnkmnk/netrunner/backend/cmd/server/main.go:42.2,43.65 2 0
github.com/pvnkmnk/netrunner/backend/cmd/server/main.go:43.65,45.3 1 0
github.com/pvnkmnk/netrunner/backend/cmd/server/main.go:48.2,54.45 5 0
github.com/pvnkmnk/netrunner/backend/cmd/server/main.go:54.45,56.3 1 0
github.com/pvnkmnk/netrunner/backend/cmd/server/main.go:58.2,87.12 18 0
github.com/pvnkmnk/netrunner/backend/cmd/server/main.go:87.12,88.45 1 0
github.com/pvnkmnk/netrunner/backend/cmd/server/main.go:88.45,90.4 1 0
github.com/pvnkmnk/netrunner/backend/cmd/server/main.go:94.2,99.16 5 0
github.com/pvnkmnk/netrunner/backend/cmd/server/main.go:102.485,107.52 2 1
github.com/pvnkmnk/netrunner/backend/cmd/server/main.go:107.52,109.3 1 1
github.com/pvnkmnk/netrunner/backend/cmd/server/main.go:112.2,117.36 2 1
github.com/pvnkmnk/netrunner/backend/cmd/server/main.go:117.36,118.77 1 1
github.com/pvnkmnk/netrunner/backend/cmd/server/main.go:118.77,120.5 1 1
github.com/pvnkmnk/netrunner/backend/cmd/server/main.go:121.4,121.26 1 0
github.com/pvnkmnk/netrunner/backend/cmd/server/main.go:123.43,125.4 1 0
github.com/pvnkmnk/netrunner/backend/cmd/server/main.go:126.42,128.4 1 0
github.com/pvnkmnk/netrunner/backend/cmd/server/main.go:132.2,224.46 69 1
github.com/pvnkmnk/netrunner/backend/cmd/server/main.go:224.46,224.60 1 0
github.com/pvnkmnk/netrunner/backend/cmd/server/main.go:225.2,225.51 1 1
github.com/pvnkmnk/netrunner/backend/cmd/server/main.go:225.51,227.24 2 0
github.com/pvnkmnk/netrunner/backend/cmd/server/main.go:227.24,229.4 1 0
github.com/pvnkmnk/netrunner/backend/cmd/server/main.go:230.3,230.70 1 0
github.com/pvnkmnk/netrunner/backend/cmd/server/main.go:235.2,236.89 2 1
github.com/pvnkmnk/netrunner/backend/cmd/server/main.go:236.89,238.3 1 0
github.com/pvnkmnk/netrunner/backend/cmd/server/main.go:241.2,241.63 1 1
github.com/pvnkmnk/netrunner/backend/cmd/server/main.go:241.63,245.48 2 0
github.com/pvnkmnk/netrunner/backend/cmd/server/main.go:245.48,247.4 1 0
github.com/pvnkmnk/netrunner/backend/cmd/server/main.go:248.3,248.57 1 0
github.com/pvnkmnk/netrunner/backend/cmd/server/main.go:251.2,251.62 1 1
github.com/pvnkmnk/netrunner/backend/cmd/server/main.go:251.62,255.48 2 0
github.com/pvnkmnk/netrunner/backend/cmd/server/main.go:255.48,257.4 1 0
github.com/pvnkmnk/netrunner/backend/cmd/server/main.go:258.3,258.55 1 0
github.com/pvnkmnk/netrunner/backend/cmd/cli/main.go:28.60,31.17 3 0
github.com/pvnkmnk/netrunner/backend/cmd/cli/main.go:31.17,33.4 1 0
github.com/pvnkmnk/netrunner/backend/cmd/cli/main.go:35.3,36.17 2 0
github.com/pvnkmnk/netrunner/backend/cmd/cli/main.go:36.17,38.4 1 0
github.com/pvnkmnk/netrunner/backend/cmd/cli/main.go:42.13,53.42 8 0
github.com/pvnkmnk/netrunner/backend/cmd/cli/main.go:53.42,56.3 2 0
github.com/pvnkmnk/netrunner/backend/cmd/cli/main.go:59.33,63.48 1 1
github.com/pvnkmnk/netrunner/backend/cmd/cli/main.go:63.48,65.18 2 0
github.com/pvnkmnk/netrunner/backend/cmd/cli/main.go:65.18,68.5 2 0
github.com/pvnkmnk/netrunner/backend/cmd/cli/main.go:70.4,70.18 1 0
github.com/pvnkmnk/netrunner/backend/cmd/cli/main.go:70.18,72.5 1 0
github.com/pvnkmnk/netrunner/backend/cmd/cli/main.go:72.10,75.5 1 0
github.com/pvnkmnk/netrunner/backend/cmd/cli/main.go:80.33,89.48 2 1
github.com/pvnkmnk/netrunner/backend/cmd/cli/main.go:89.48,91.18 2 0
github.com/pvnkmnk/netrunner/backend/cmd/cli/main.go:91.18,94.5 2 0
github.com/pvnkmnk/netrunner/backend/cmd/cli/main.go:96.4,96.18 1 0
github.com/pvnkmnk/netrunner/backend/cmd/cli/main.go:96.18,98.5 1 0
github.com/pvnkmnk/netrunner/backend/cmd/cli/main.go:98.10,99.32 1 0
github.com/pvnkmnk/netrunner/backend/cmd/cli/main.go:99.32,101.6 1 0
github.com/pvnkmnk/netrunner/backend/cmd/cli/main.go:106.2,106.12 1 1
github.com/pvnkmnk/netrunner/backend/cmd/cli/main.go:109.36,118.48 2 1
github.com/pvnkmnk/netrunner/backend/cmd/cli/main.go:118.48,122.18 4 0
github.com/pvnkmnk/netrunner/backend/cmd/cli/main.go:122.18,125.5 2 0
github.com/pvnkmnk/netrunner/backend/cmd/cli/main.go:127.4,127.18 1 0
github.com/pvnkmnk/netrunner/backend/cmd/cli/main.go:127.18,129.5 1 0
github.com/pvnkmnk/netrunner/backend/cmd/cli/main.go:129.10,130.29 1 0
github.com/pvnkmnk/netrunner/backend/cmd/cli/main.go:130.29,132.6 1 0
github.com/pvnkmnk/netrunner/backend/cmd/cli/main.go:137.2,141.48 1 1
github.com/pvnkmnk/netrunner/backend/cmd/cli/main.go:141.48,147.81 4 0
github.com/pvnkmnk/netrunner/backend/cmd/cli/main.go:147.81,150.5 2 0
github.com/pvnkmnk/netrunner/backend/cmd/cli/main.go:152.4,153.18 2 0
github.com/pvnkmnk/netrunner/backend/cmd/cli/main.go:153.18,156.5 2 0
github.com/pvnkmnk/netrunner/backend/cmd/cli/main.go:158.4,158.18 1 0
github.com/pvnkmnk/netrunner/backend/cmd/cli/main.go:158.18,160.5 1 0
github.com/pvnkmnk/netrunner/backend/cmd/cli/main.go:160.10,162.5 1 0
github.com/pvnkmnk/netrunner/backend/cmd/cli/main.go:166.2,170.48 1 1
github.com/pvnkmnk/netrunner/backend/cmd/cli/main.go:170.48,172.18 2 0
github.com/pvnkmnk/netrunner/backend/cmd/cli/main.go:172.18,175.5 2 0
github.com/pvnkmnk/netrunner/backend/cmd/cli/main.go:177.4,178.18 2 0
github.com/pvnkmnk/netrunner/backend/cmd/cli/main.go:178.18,181.5 2 0
github.com/pvnkmnk/netrunner/backend/cmd/cli/main.go:183.4,183.18 1 0
github.com/pvnkmnk/netrunner/backend/cmd/cli/main.go:183.18,185.5 1 0
github.com/pvnkmnk/netrunner/backend/cmd/cli/main.go:185.10,187.5 1 0
github.com/pvnkmnk/netrunner/backend/cmd/cli/main.go:191.2,195.48 1 1
github.com/pvnkmnk/netrunner/backend/cmd/cli/main.go:195.48,203.68 2 0
github.com/pvnkmnk/netrunner/backend/cmd/cli/main.go:203.68,206.5 2 0
github.com/pvnkmnk/netrunner/backend/cmd/cli/main.go:208.4,212.33 4 0
github.com/pvnkmnk/netrunner/backend/cmd/cli/main.go:212.33,214.19 2 0
github.com/pvnkmnk/netrunner/backend/cmd/cli/main.go:214.19,216.14 2 0
github.com/pvnkmnk/netrunner/backend/cmd/cli/main.go:218.5,218.35 1 0
github.com/pvnkmnk/netrunner/backend/cmd/cli/main.go:221.4,221.18 1 0
github.com/pvnkmnk/netrunner/backend/cmd/cli/main.go:221.18,223.5 1 0
github.com/pvnkmnk/netrunner/backend/cmd/cli/main.go:223.10,225.5 1 0
github.com/pvnkmnk/netrunner/backend/cmd/cli/main.go:229.2,229.12 1 1
github.com/pvnkmnk/netrunner/backend/cmd/cli/main.go:232.34,241.48 2 0
github.com/pvnkmnk/netrunner/backend/cmd/cli/main.go:241.48,243.18 2 0
github.com/pvnkmnk/netrunner/backend/cmd/cli/main.go:243.18,246.5 2 0
github.com/pvnkmnk/netrunner/backend/cmd/cli/main.go:248.4,248.18 1 0
github.com/pvnkmnk/netrunner/backend/cmd/cli/main.go:248.18,250.5 1 0
github.com/pvnkmnk/netrunner/backend/cmd/cli/main.go:250.10,251.28 1 0
github.com/pvnkmnk/netrunner/backend/cmd/cli/main.go:251.28,254.6 2 0
github.com/pvnkmnk/netrunner/backend/cmd/cli/main.go:255.5,255.33 1 0
github.com/pvnkmnk/netrunner/backend/cmd/cli/main.go:255.33,257.6 1 0
github.com/pvnkmnk/netrunner/backend/cmd/cli/main.go:262.2,266.48 1 0
github.com/pvnkmnk/netrunner/backend/cmd/cli/main.go:266.48,268.18 2 0
github.com/pvnkmnk/netrunner/backend/cmd/cli/main.go:268.18,271.5 2 0
github.com/pvnkmnk/netrunner/backend/cmd/cli/main.go:273.4,273.18 1 0
github.com/pvnkmnk/netrunner/backend/cmd/cli/main.go:273.18,275.5 1 0
github.com/pvnkmnk/netrunner/backend/cmd/cli/main.go:275.10,277.5 1 0
github.com/pvnkmnk/netrunner/backend/cmd/cli/main.go:281.2,285.48 1 0
github.com/pvnkmnk/netrunner/backend/cmd/cli/main.go:285.48,287.18 2 0
github.com/pvnkmnk/netrunner/backend/cmd/cli/main.go:287.18,290.5 2 0
github.com/pvnkmnk/netrunner/backend/cmd/cli/main.go:292.4,293.18 2 0
github.com/pvnkmnk/netrunner/backend/cmd/cli/main.go:293.18,296.5 2 0
github.com/pvnkmnk/netrunner/backend/cmd/cli/main.go:298.4,298.18 1 0
github.com/pvnkmnk/netrunner/backend/cmd/cli/main.go:298.18,300.5 1 0
github.com/pvnkmnk/netrunner/backend/cmd/cli/main.go:300.10,302.5 1 0
github.com/pvnkmnk/netrunner/backend/cmd/cli/main.go:306.2,310.48 1 0
github.com/pvnkmnk/netrunner/backend/cmd/cli/main.go:310.48,312.18 2 0
github.com/pvnkmnk/netrunner/backend/cmd/cli/main.go:312.18,315.5 2 0
github.com/pvnkmnk/netrunner/backend/cmd/cli/main.go:317.4,317.54 1 0
github.com/pvnkmnk/netrunner/backend/cmd/cli/main.go:317.54,320.5 2 0
github.com/pvnkmnk/netrunner/backend/cmd/cli/main.go:322.4,322.18 1 0
github.com/pvnkmnk/netrunner/backend/cmd/cli/main.go:322.18,324.5 1 0
github.com/pvnkmnk/netrunner/backend/cmd/cli/main.go:324.10,326.5 1 0
github.com/pvnkmnk/netrunner/backend/cmd/cli/main.go:330.2,330.12 1 0
github.com/pvnkmnk/netrunner/backend/cmd/cli/main.go:333.32,342.48 2 0
github.com/pvnkmnk/netrunner/backend/cmd/cli/main.go:342.48,344.18 2 0
github.com/pvnkmnk/netrunner/backend/cmd/cli/main.go:344.18,347.5 2 0
github.com/pvnkmnk/netrunner/backend/cmd/cli/main.go:349.4,349.18 1 0
github.com/pvnkmnk/netrunner/backend/cmd/cli/main.go:349.18,351.5 1 0
github.com/pvnkmnk/netrunner/backend/cmd/cli/main.go:351.10,361.5 9 0
github.com/pvnkmnk/netrunner/backend/cmd/cli/main.go:365.2,368.48 1 0
github.com/pvnkmnk/netrunner/backend/cmd/cli/main.go:368.48,370.18 2 0
github.com/pvnkmnk/netrunner/backend/cmd/cli/main.go:370.18,373.5 2 0
github.com/pvnkmnk/netrunner/backend/cmd/cli/main.go:375.4,375.18 1 0
github.com/pvnkmnk/netrunner/backend/cmd/cli/main.go:375.18,377.5 1 0
github.com/pvnkmnk/netrunner/backend/cmd/cli/main.go:377.10,383.5 5 0
github.com/pvnkmnk/netrunner/backend/cmd/cli/main.go:387.2,390.48 1 0
github.com/pvnkmnk/netrunner/backend/cmd/cli/main.go:390.48,392.18 2 0
github.com/pvnkmnk/netrunner/backend/cmd/cli/main.go:392.18,395.5 2 0
github.com/pvnkmnk/netrunner/backend/cmd/cli/main.go:397.4,397.18 1 0
github.com/pvnkmnk/netrunner/backend/cmd/cli/main.go:397.18,399.5 1 0
github.com/pvnkmnk/netrunner/backend/cmd/cli/main.go:399.10,403.39 4 0
github.com/pvnkmnk/netrunner/backend/cmd/cli/main.go:403.39,405.46 2 0
github.com/pvnkmnk/netrunner/backend/cmd/cli/main.go:405.46,407.7 1 0
github.com/pvnkmnk/netrunner/backend/cmd/cli/main.go:413.2,413.12 1 0
github.com/pvnkmnk/netrunner/backend/cmd/cli/main.go:416.31,419.2 2 0
github.com/pvnkmnk/netrunner/backend/cmd/cli/main.go:421.34,431.48 2 0
github.com/pvnkmnk/netrunner/backend/cmd/cli/main.go:431.48,433.18 2 0
github.com/pvnkmnk/netrunner/backend/cmd/cli/main.go:433.18,436.5 2 0
github.com/pvnkmnk/netrunner/backend/cmd/cli/main.go:438.4,438.18 1 0
github.com/pvnkmnk/netrunner/backend/cmd/cli/main.go:438.18,440.5 1 0
github.com/pvnkmnk/netrunner/backend/cmd/cli/main.go:440.10,441.27 1 0
github.com/pvnkmnk/netrunner/backend/cmd/cli/main.go:441.27,444.6 2 0
github.com/pvnkmnk/netrunner/backend/cmd/cli/main.go:445.5,445.32 1 0
github.com/pvnkmnk/netrunner/backend/cmd/cli/main.go:445.32,447.21 2 0
github.com/pvnkmnk/netrunner/backend/cmd/cli/main.go:447.21,449.7 1 0
github.com/pvnkmnk/netrunner/backend/cmd/cli/main.go:450.6,452.29 3 0
github.com/pvnkmnk/netrunner/backend/cmd/cli/main.go:452.29,454.7 1 0
github.com/pvnkmnk/netrunner/backend/cmd/cli/main.go:455.6,456.19 2 0
github.com/pvnkmnk/netrunner/backend/cmd/cli/main.go:462.2,466.48 1 0
github.com/pvnkmnk/netrunner/backend/cmd/cli/main.go:466.48,476.25 9 0
github.com/pvnkmnk/netrunner/backend/cmd/cli/main.go:476.25,478.5 1 0
github.com/pvnkmnk/netrunner/backend/cmd/cli/main.go:480.4,481.18 2 0
github.com/pvnkmnk/netrunner/backend/cmd/cli/main.go:481.18,484.5 2 0
github.com/pvnkmnk/netrunner/backend/cmd/cli/main.go:486.4,486.18 1 0
github.com/pvnkmnk/netrunner/backend/cmd/cli/main.go:486.18,488.5 1 0
github.com/pvnkmnk/netrunner/backend/cmd/cli/main.go:488.10,490.5 1 0
github.com/pvnkmnk/netrunner/backend/cmd/cli/main.go:494.2,498.48 1 0
github.com/pvnkmnk/netrunner/backend/cmd/cli/main.go:498.48,500.18 2 0
github.com/pvnkmnk/netrunner/backend/cmd/cli/main.go:500.18,503.5 2 0
github.com/pvnkmnk/netrunner/backend/cmd/cli/main.go:505.4,505.54 1 0
github.com/pvnkmnk/netrunner/backend/cmd/cli/main.go:505.54,508.5 2 0
github.com/pvnkmnk/netrunner/backend/cmd/cli/main.go:510.4,510.18 1 0
github.com/pvnkmnk/netrunner/backend/cmd/cli/main.go:510.18,512.5 1 0
github.com/pvnkmnk/netrunner/backend/cmd/cli/main.go:512.10,514.5 1 0
github.com/pvnkmnk/netrunner/backend/cmd/cli/main.go:518.2,522.48 1 0
github.com/pvnkmnk/netrunner/backend/cmd/cli/main.go:522.48,524.18 2 0
github.com/pvnkmnk/netrunner/backend/cmd/cli/main.go:524.18,527.5 2 0
github.com/pvnkmnk/netrunner/backend/cmd/cli/main.go:529.4,529.58 1 0
github.com/pvnkmnk/netrunner/backend/cmd/cli/main.go:529.58,532.5 2 0
github.com/pvnkmnk/netrunner/backend/cmd/cli/main.go:534.4,534.18 1 0
github.com/pvnkmnk/netrunner/backend/cmd/cli/main.go:534.18,536.5 1 0
github.com/pvnkmnk/netrunner/backend/cmd/cli/main.go:536.10,538.5 1 0
github.com/pvnkmnk/netrunner/backend/cmd/cli/main.go:543.2,557.12 12 0
github.com/pvnkmnk/netrunner/backend/cmd/cli/main.go:560.29,561.16 1 0
github.com/pvnkmnk/netrunner/backend/cmd/cli/main.go:561.16,563.3 1 0
github.com/pvnkmnk/netrunner/backend/cmd/cli/main.go:563.8,565.3 1 0
github.com/pvnkmnk/netrunner/backend/internal/agent/handlers.go:24.74,29.16 3 1
github.com/pvnkmnk/netrunner/backend/internal/agent/handlers.go:29.16,31.17 2 1
github.com/pvnkmnk/netrunner/backend/internal/agent/handlers.go:31.17,33.4 1 1
github.com/pvnkmnk/netrunner/backend/internal/agent/handlers.go:37.2,37.24 1 1
github.com/pvnkmnk/netrunner/backend/internal/agent/handlers.go:37.24,40.53 3 1
github.com/pvnkmnk/netrunner/backend/internal/agent/handlers.go:40.53,42.4 1 0
github.com/pvnkmnk/netrunner/backend/internal/agent/handlers.go:43.3,43.18 1 1
github.com/pvnkmnk/netrunner/backend/internal/agent/handlers.go:43.18,45.4 1 0
github.com/pvnkmnk/netrunner/backend/internal/agent/handlers.go:49.2,49.24 1 1
github.com/pvnkmnk/netrunner/backend/internal/agent/handlers.go:49.24,51.32 2 0
github.com/pvnkmnk/netrunner/backend/internal/agent/handlers.go:51.32,53.4 1 0
github.com/pvnkmnk/netrunner/backend/internal/agent/handlers.go:56.2,56.30 1 1
github.com/pvnkmnk/netrunner/backend/internal/agent/handlers.go:56.30,58.28 2 1
github.com/pvnkmnk/netrunner/backend/internal/agent/handlers.go:58.28,60.4 1 0
github.com/pvnkmnk/netrunner/backend/internal/agent/handlers.go:61.8,63.3 1 0
github.com/pvnkmnk/netrunner/backend/internal/agent/handlers.go:65.2,65.20 1 1
github.com/pvnkmnk/netrunner/backend/internal/agent/handlers.go:69.77,80.51 7 1
github.com/pvnkmnk/netrunner/backend/internal/agent/handlers.go:80.51,81.32 1 1
github.com/pvnkmnk/netrunner/backend/internal/agent/handlers.go:81.32,83.4 1 0
github.com/pvnkmnk/netrunner/backend/internal/agent/handlers.go:86.2,86.22 1 1
github.com/pvnkmnk/netrunner/backend/internal/agent/handlers.go:90.57,96.2 2 1
github.com/pvnkmnk/netrunner/backend/internal/agent/handlers.go:99.81,101.2 1 1
github.com/pvnkmnk/netrunner/backend/internal/agent/handlers.go:104.145,106.2 1 1
github.com/pvnkmnk/netrunner/backend/internal/agent/handlers.go:109.95,120.46 2 0
github.com/pvnkmnk/netrunner/backend/internal/agent/handlers.go:120.46,122.3 1 0
github.com/pvnkmnk/netrunner/backend/internal/agent/handlers.go:124.2,124.18 1 0
github.com/pvnkmnk/netrunner/backend/internal/agent/handlers.go:128.61,132.2 3 1
github.com/pvnkmnk/netrunner/backend/internal/agent/handlers.go:135.76,142.50 2 1
github.com/pvnkmnk/netrunner/backend/internal/agent/handlers.go:142.50,144.3 1 0
github.com/pvnkmnk/netrunner/backend/internal/agent/handlers.go:146.2,146.22 1 1
github.com/pvnkmnk/netrunner/backend/internal/agent/handlers.go:150.60,151.48 1 1
github.com/pvnkmnk/netrunner/backend/internal/agent/handlers.go:151.48,153.89 1 1
github.com/pvnkmnk/netrunner/backend/internal/agent/handlers.go:153.89,155.4 1 0
github.com/pvnkmnk/netrunner/backend/internal/agent/handlers.go:157.3,157.67 1 1
github.com/pvnkmnk/netrunner/backend/internal/agent/handlers.go:162.75,165.70 2 1
github.com/pvnkmnk/netrunner/backend/internal/agent/handlers.go:165.70,167.3 1 0
github.com/pvnkmnk/netrunner/backend/internal/agent/handlers.go:169.2,178.46 2 1
github.com/pvnkmnk/netrunner/backend/internal/agent/handlers.go:178.46,180.3 1 0
github.com/pvnkmnk/netrunner/backend/internal/agent/handlers.go:182.2,182.18 1 1
github.com/pvnkmnk/netrunner/backend/internal/agent/handlers.go:186.76,190.2 3 0
github.com/pvnkmnk/netrunner/backend/internal/agent/handlers.go:193.49,197.25 2 0
github.com/pvnkmnk/netrunner/backend/internal/agent/handlers.go:197.25,199.3 1 0
github.com/pvnkmnk/netrunner/backend/internal/agent/handlers.go:200.2,200.30 1 0
github.com/pvnkmnk/netrunner/backend/internal/agent/handlers.go:200.30,202.3 1 0
github.com/pvnkmnk/netrunner/backend/internal/agent/handlers.go:204.2,207.12 2 0
github.com/pvnkmnk/netrunner/backend/internal/agent/handlers.go:211.48,213.62 2 0
github.com/pvnkmnk/netrunner/backend/internal/agent/handlers.go:213.62,215.3 1 0
github.com/pvnkmnk/netrunner/backend/internal/agent/handlers.go:216.2,216.27 1 0
github.com/pvnkmnk/netrunner/backend/internal/agent/handlers.go:216.27,218.3 1 0
github.com/pvnkmnk/netrunner/backend/internal/agent/handlers.go:220.2,224.55 2 0
github.com/pvnkmnk/netrunner/backend/internal/agent/handlers.go:228.63,232.2 3 1
github.com/pvnkmnk/netrunner/backend/internal/agent/handlers.go:235.71,239.2 3 1
github.com/pvnkmnk/netrunner/backend/internal/agent/handlers.go:242.106,251.46 2 1
github.com/pvnkmnk/netrunner/backend/internal/agent/handlers.go:251.46,253.3 1 0
github.com/pvnkmnk/netrunner/backend/internal/agent/handlers.go:255.2,265.47 2 1
github.com/pvnkmnk/netrunner/backend/internal/agent/handlers.go:265.47,267.3 1 0
github.com/pvnkmnk/netrunner/backend/internal/agent/handlers.go:269.2,269.18 1 1
github.com/pvnkmnk/netrunner/backend/internal/agent/handlers.go:273.76,282.36 3 1
github.com/pvnkmnk/netrunner/backend/internal/agent/handlers.go:282.36,283.16 1 1
github.com/pvnkmnk/netrunner/backend/internal/agent/handlers.go:283.16,285.4 1 1
github.com/pvnkmnk/netrunner/backend/internal/agent/handlers.go:285.9,287.4 1 1
github.com/pvnkmnk/netrunner/backend/internal/agent/handlers.go:291.2,292.30 2 1
github.com/pvnkmnk/netrunner/backend/internal/agent/handlers.go:292.30,294.3 1 1
github.com/pvnkmnk/netrunner/backend/internal/agent/handlers.go:294.8,296.3 1 0
github.com/pvnkmnk/netrunner/backend/internal/agent/handlers.go:298.2,298.27 1 1
github.com/pvnkmnk/netrunner/backend/internal/agent/handlers.go:298.27,300.3 1 0
github.com/pvnkmnk/netrunner/backend/internal/agent/handlers.go:300.8,302.3 1 1
github.com/pvnkmnk/netrunner/backend/internal/agent/handlers.go:305.2,315.16 2 1
github.com/pvnkmnk/netrunner/backend/internal/agent/handlers.go:315.16,317.3 1 0
github.com/pvnkmnk/netrunner/backend/internal/agent/handlers.go:317.8,319.3 1 1
github.com/pvnkmnk/netrunner/backend/internal/agent/handlers.go:321.2,321.21 1 1
github.com/pvnkmnk/netrunner/backend/internal/agent/handlers.go:325.53,327.2 1 1
github.com/pvnkmnk/netrunner/backend/internal/agent/handlers.go:330.105,339.16 5 1
github.com/pvnkmnk/netrunner/backend/internal/agent/handlers.go:339.16,340.34 1 1
github.com/pvnkmnk/netrunner/backend/internal/agent/handlers.go:340.34,348.4 1 1
github.com/pvnkmnk/netrunner/backend/internal/agent/handlers.go:352.2,352.18 1 1
github.com/pvnkmnk/netrunner/backend/internal/agent/handlers.go:352.18,354.17 2 0
github.com/pvnkmnk/netrunner/backend/internal/agent/handlers.go:354.17,355.34 1 0
github.com/pvnkmnk/netrunner/backend/internal/agent/handlers.go:355.34,363.5 1 0
github.com/pvnkmnk/netrunner/backend/internal/agent/handlers.go:367.2,367.21 1 1
github.com/pvnkmnk/netrunner/backend/internal/agent/handlers.go:406.50,418.16 4 0
github.com/pvnkmnk/netrunner/backend/internal/agent/handlers.go:418.16,420.3 1 0
github.com/pvnkmnk/netrunner/backend/internal/agent/handlers.go:422.2,423.19 2 0
github.com/pvnkmnk/netrunner/backend/internal/agent/handlers.go:423.19,425.3 1 0
github.com/pvnkmnk/netrunner/backend/internal/agent/handlers.go:427.2,427.20 1 0
github.com/pvnkmnk/netrunner/backend/internal/agent/handlers.go:431.58,438.16 3 0
github.com/pvnkmnk/netrunner/backend/internal/agent/handlers.go:438.16,440.3 1 0
github.com/pvnkmnk/netrunner/backend/internal/agent/handlers.go:442.2,451.20 3 0
github.com/pvnkmnk/netrunner/backend/internal/agent/handlers.go:455.58,467.16 4 0
github.com/pvnkmnk/netrunner/backend/internal/agent/handlers.go:467.16,469.3 1 0
github.com/pvnkmnk/netrunner/backend/internal/agent/handlers.go:471.2,472.19 2 0
github.com/pvnkmnk/netrunner/backend/internal/agent/handlers.go:472.19,474.3 1 0
github.com/pvnkmnk/netrunner/backend/internal/agent/handlers.go:477.2,480.16 2 0
github.com/pvnkmnk/netrunner/backend/internal/agent/handlers.go:480.16,482.3 1 0
github.com/pvnkmnk/netrunner/backend/internal/agent/handlers.go:483.2,486.110 2 0
github.com/pvnkmnk/netrunner/backend/internal/agent/handlers.go:486.110,488.3 1 0
github.com/pvnkmnk/netrunner/backend/internal/agent/handlers.go:489.2,489.98 1 0
github.com/pvnkmnk/netrunner/backend/internal/agent/handlers.go:489.98,491.3 1 0
github.com/pvnkmnk/netrunner/backend/internal/agent/handlers.go:492.2,492.95 1 0
github.com/pvnkmnk/netrunner/backend/internal/agent/handlers.go:492.95,494.3 1 0
github.com/pvnkmnk/netrunner/backend/internal/agent/handlers.go:496.2,496.22 1 0
github.com/pvnkmnk/netrunner/backend/internal/agent/handlers.go:500.67,504.2 3 0
github.com/pvnkmnk/netrunner/backend/internal/agent/handlers.go:507.85,510.16 3 0
github.com/pvnkmnk/netrunner/backend/internal/agent/handlers.go:510.16,512.3 1 0
github.com/pvnkmnk/netrunner/backend/internal/agent/handlers.go:513.2,513.22 1 0
github.com/pvnkmnk/netrunner/backend/internal/agent/handlers.go:517.202,519.125 1 0
github.com/pvnkmnk/netrunner/backend/internal/agent/handlers.go:519.125,521.3 1 0
github.com/pvnkmnk/netrunner/backend/internal/agent/handlers.go:523.2,536.50 2 0
github.com/pvnkmnk/netrunner/backend/internal/agent/handlers.go:536.50,538.3 1 0
github.com/pvnkmnk/netrunner/backend/internal/agent/handlers.go:540.2,540.22 1 0
github.com/pvnkmnk/netrunner/backend/internal/agent/handlers.go:544.60,547.119 2 0
github.com/pvnkmnk/netrunner/backend/internal/agent/handlers.go:547.119,549.3 1 0
github.com/pvnkmnk/netrunner/backend/internal/agent/handlers.go:550.2,550.15 1 0
github.com/pvnkmnk/netrunner/backend/internal/agent/handlers.go:550.15,552.3 1 0
github.com/pvnkmnk/netrunner/backend/internal/agent/handlers.go:554.2,554.125 1 0
github.com/pvnkmnk/netrunner/backend/internal/agent/handlers.go:554.125,556.3 1 0
github.com/pvnkmnk/netrunner/backend/internal/agent/handlers.go:557.2,557.15 1 0
github.com/pvnkmnk/netrunner/backend/internal/agent/handlers.go:557.15,559.3 1 0
github.com/pvnkmnk/netrunner/backend/internal/agent/handlers.go:561.2,561.73 1 0
github.com/pvnkmnk/netrunner/backend/internal/agent/handlers.go:565.64,566.48 1 0
github.com/pvnkmnk/netrunner/backend/internal/agent/handlers.go:566.48,568.126 1 0
github.com/pvnkmnk/netrunner/backend/internal/agent/handlers.go:568.126,570.4 1 0
github.com/pvnkmnk/netrunner/backend/internal/agent/handlers.go:573.3,573.106 1 0
github.com/pvnkmnk/netrunner/backend/internal/config/config.go:76.49,78.24 1 1
github.com/pvnkmnk/netrunner/backend/internal/config/config.go:78.24,80.3 1 1
github.com/pvnkmnk/netrunner/backend/internal/config/config.go:80.8,82.3 1 0
github.com/pvnkmnk/netrunner/backend/internal/config/config.go:84.2,127.27 2 1
github.com/pvnkmnk/netrunner/backend/internal/config/config.go:127.27,129.3 1 1
github.com/pvnkmnk/netrunner/backend/internal/config/config.go:131.2,131.17 1 1
github.com/pvnkmnk/netrunner/backend/internal/config/config.go:135.46,136.42 1 1
github.com/pvnkmnk/netrunner/backend/internal/config/config.go:136.42,138.3 1 1
github.com/pvnkmnk/netrunner/backend/internal/config/config.go:139.2,139.21 1 1
github.com/pvnkmnk/netrunner/backend/internal/config/config.go:143.51,144.38 1 1
github.com/pvnkmnk/netrunner/backend/internal/config/config.go:144.38,146.3 1 0
github.com/pvnkmnk/netrunner/backend/internal/config/config.go:147.2,147.19 1 1
github.com/pvnkmnk/netrunner/backend/internal/config/config.go:151.50,152.38 1 1
github.com/pvnkmnk/netrunner/backend/internal/config/config.go:152.38,153.46 1 0
github.com/pvnkmnk/netrunner/backend/internal/config/config.go:153.46,155.4 1 0
github.com/pvnkmnk/netrunner/backend/internal/config/config.go:157.2,157.19 1 1
github.com/pvnkmnk/netrunner/backend/internal/database/connection.go:17.52,20.110 2 1
github.com/pvnkmnk/netrunner/backend/internal/database/connection.go:20.110,23.3 2 1
github.com/pvnkmnk/netrunner/backend/internal/database/connection.go:23.8,26.74 2 0
github.com/pvnkmnk/netrunner/backend/internal/database/connection.go:26.74,28.4 1 0
github.com/pvnkmnk/netrunner/backend/internal/database/connection.go:29.3,30.34 2 0
github.com/pvnkmnk/netrunner/backend/internal/database/connection.go:33.2,36.16 2 1
github.com/pvnkmnk/netrunner/backend/internal/database/connection.go:36.16,38.3 1 1
github.com/pvnkmnk/netrunner/backend/internal/database/connection.go:40.2,41.16 2 0
github.com/pvnkmnk/netrunner/backend/internal/database/connection.go:41.16,43.3 1 0
github.com/pvnkmnk/netrunner/backend/internal/database/connection.go:46.2,51.53 4 0
github.com/pvnkmnk/netrunner/backend/internal/database/connection.go:51.53,56.3 4 0
github.com/pvnkmnk/netrunner/backend/internal/database/connection.go:59.2,59.37 1 0
github.com/pvnkmnk/netrunner/backend/internal/database/connection.go:59.37,61.3 1 0
github.com/pvnkmnk/netrunner/backend/internal/database/connection.go:63.2,63.16 1 0
github.com/pvnkmnk/netrunner/backend/internal/database/litefs.go:15.49,17.2 1 0
github.com/pvnkmnk/netrunner/backend/internal/database/litefs.go:20.40,28.16 4 0
github.com/pvnkmnk/netrunner/backend/internal/database/litefs.go:28.16,31.3 1 0
github.com/pvnkmnk/netrunner/backend/internal/database/litefs.go:34.2,35.19 2 0
github.com/pvnkmnk/netrunner/backend/internal/database/litefs.go:35.19,37.3 1 0
github.com/pvnkmnk/netrunner/backend/internal/database/litefs.go:41.2,42.28 2 0
github.com/pvnkmnk/netrunner/backend/internal/database/litefs.go:46.51,51.16 4 0
github.com/pvnkmnk/netrunner/backend/internal/database/litefs.go:51.16,53.3 1 0
github.com/pvnkmnk/netrunner/backend/internal/database/litefs.go:55.2,55.40 1 0
github.com/pvnkmnk/netrunner/backend/internal/database/locks.go:21.46,23.26 2 0
github.com/pvnkmnk/netrunner/backend/internal/database/locks.go:23.26,25.3 1 0
github.com/pvnkmnk/netrunner/backend/internal/database/locks.go:26.2,27.34 2 0
github.com/pvnkmnk/netrunner/backend/internal/database/locks.go:35.92,38.16 3 0
github.com/pvnkmnk/netrunner/backend/internal/database/locks.go:38.16,40.3 1 0
github.com/pvnkmnk/netrunner/backend/internal/database/locks.go:41.2,41.22 1 0
github.com/pvnkmnk/netrunner/backend/internal/database/locks.go:44.81,46.16 2 0
github.com/pvnkmnk/netrunner/backend/internal/database/locks.go:46.16,48.3 1 0
github.com/pvnkmnk/netrunner/backend/internal/database/locks.go:49.2,49.12 1 0
github.com/pvnkmnk/netrunner/backend/internal/database/locks.go:52.110,57.32 3 0
github.com/pvnkmnk/netrunner/backend/internal/database/locks.go:57.32,59.3 1 0
github.com/pvnkmnk/netrunner/backend/internal/database/locks.go:60.2,60.51 1 0
github.com/pvnkmnk/netrunner/backend/internal/database/locks.go:63.45,65.2 1 0
github.com/pvnkmnk/netrunner/backend/internal/database/locks.go:72.89,74.67 2 0
github.com/pvnkmnk/netrunner/backend/internal/database/locks.go:74.67,78.17 3 0
github.com/pvnkmnk/netrunner/backend/internal/database/locks.go:78.17,80.4 1 0
github.com/pvnkmnk/netrunner/backend/internal/database/locks.go:82.3,82.16 1 0
github.com/pvnkmnk/netrunner/backend/internal/database/locks.go:82.16,85.4 2 0
github.com/pvnkmnk/netrunner/backend/internal/database/locks.go:88.3,94.17 4 0
github.com/pvnkmnk/netrunner/backend/internal/database/locks.go:94.17,96.4 1 0
github.com/pvnkmnk/netrunner/backend/internal/database/locks.go:98.3,99.13 2 0
github.com/pvnkmnk/netrunner/backend/internal/database/locks.go:102.2,102.16 1 0
github.com/pvnkmnk/netrunner/backend/internal/database/locks.go:102.16,104.3 1 0
github.com/pvnkmnk/netrunner/backend/internal/database/locks.go:105.2,105.22 1 0
github.com/pvnkmnk/netrunner/backend/internal/database/locks.go:108.78,110.2 1 0
github.com/pvnkmnk/netrunner/backend/internal/database/locks.go:112.107,117.32 3 0
github.com/pvnkmnk/netrunner/backend/internal/database/locks.go:117.32,119.3 1 0
github.com/pvnkmnk/netrunner/backend/internal/database/locks.go:120.2,120.51 1 0
github.com/pvnkmnk/netrunner/backend/internal/database/locks.go:123.42,125.2 1 0
github.com/pvnkmnk/netrunner/backend/internal/database/migrate.go:10.33,12.39 1 0
github.com/pvnkmnk/netrunner/backend/internal/database/migrate.go:12.39,13.87 1 0
github.com/pvnkmnk/netrunner/backend/internal/database/migrate.go:13.87,15.4 1 0
github.com/pvnkmnk/netrunner/backend/internal/database/migrate.go:30.3,42.31 4 0
github.com/pvnkmnk/netrunner/backend/internal/database/migrate.go:42.31,43.111 1 0
github.com/pvnkmnk/netrunner/backend/internal/database/migrate.go:43.111,45.5 1 0
github.com/pvnkmnk/netrunner/backend/internal/database/migrate.go:46.4,46.94 1 0
github.com/pvnkmnk/netrunner/backend/internal/database/migrate.go:46.94,48.5 1 0
github.com/pvnkmnk/netrunner/backend/internal/database/migrate.go:52.3,55.5 1 0
github.com/pvnkmnk/netrunner/backend/internal/database/migrate.go:55.5,58.15 3 0
github.com/pvnkmnk/netrunner/backend/internal/database/migrate.go:58.15,59.13 1 0
github.com/pvnkmnk/netrunner/backend/internal/database/migrate.go:61.4,69.29 3 0
github.com/pvnkmnk/netrunner/backend/internal/database/migrate.go:69.29,71.46 2 0
github.com/pvnkmnk/netrunner/backend/internal/database/migrate.go:71.46,73.6 1 0
github.com/pvnkmnk/netrunner/backend/internal/database/migrate.go:76.4,76.62 1 0
github.com/pvnkmnk/netrunner/backend/internal/database/migrate.go:81.2,98.16 1 0
github.com/pvnkmnk/netrunner/backend/internal/database/migrate.go:98.16,100.3 1 0
github.com/pvnkmnk/netrunner/backend/internal/database/migrate.go:102.2,102.12 1 0
github.com/pvnkmnk/netrunner/backend/internal/database/models.go:17.56,18.14 1 0
github.com/pvnkmnk/netrunner/backend/internal/database/models.go:18.14,20.3 1 0
github.com/pvnkmnk/netrunner/backend/internal/database/models.go:21.2,21.24 1 0
github.com/pvnkmnk/netrunner/backend/internal/database/models.go:25.57,26.18 1 0
github.com/pvnkmnk/netrunner/backend/internal/database/models.go:26.18,29.3 2 0
github.com/pvnkmnk/netrunner/backend/internal/database/models.go:31.2,32.27 2 0
github.com/pvnkmnk/netrunner/backend/internal/database/models.go:33.14,34.12 1 0
github.com/pvnkmnk/netrunner/backend/internal/database/models.go:35.14,36.20 1 0
github.com/pvnkmnk/netrunner/backend/internal/database/models.go:37.10,38.61 1 0
github.com/pvnkmnk/netrunner/backend/internal/database/models.go:41.2,41.33 1 0
github.com/pvnkmnk/netrunner/backend/internal/database/models.go:103.58,104.22 1 0
github.com/pvnkmnk/netrunner/backend/internal/database/models.go:104.22,106.3 1 0
github.com/pvnkmnk/netrunner/backend/internal/database/models.go:107.2,107.12 1 0
github.com/pvnkmnk/netrunner/backend/internal/database/models.go:141.59,142.22 1 0
github.com/pvnkmnk/netrunner/backend/internal/database/models.go:142.22,144.3 1 0
github.com/pvnkmnk/netrunner/backend/internal/database/models.go:145.2,145.12 1 0
github.com/pvnkmnk/netrunner/backend/internal/database/models.go:174.58,175.22 1 0
github.com/pvnkmnk/netrunner/backend/internal/database/models.go:175.22,177.3 1 0
github.com/pvnkmnk/netrunner/backend/internal/database/models.go:178.2,178.12 1 0
github.com/pvnkmnk/netrunner/backend/internal/database/models.go:193.51,194.22 1 0
github.com/pvnkmnk/netrunner/backend/internal/database/models.go:194.22,196.3 1 0
github.com/pvnkmnk/netrunner/backend/internal/database/models.go:197.2,197.12 1 0
github.com/pvnkmnk/netrunner/backend/internal/database/models.go:225.49,226.22 1 0
github.com/pvnkmnk/netrunner/backend/internal/database/models.go:226.22,228.3 1 0
github.com/pvnkmnk/netrunner/backend/internal/database/models.go:229.2,229.12 1 0
github.com/pvnkmnk/netrunner/backend/internal/database/models.go:249.53,250.22 1 0
github.com/pvnkmnk/netrunner/backend/internal/database/models.go:250.22,252.3 1 0
github.com/pvnkmnk/netrunner/backend/internal/database/models.go:253.2,253.12 1 0
github.com/pvnkmnk/netrunner/backend/internal/database/models.go:306.47,307.28 1 0
github.com/pvnkmnk/netrunner/backend/internal/database/models.go:307.28,309.3 1 0
github.com/pvnkmnk/netrunner/backend/internal/database/models.go:310.2,310.12 1 0
github.com/pvnkmnk/netrunner/backend/internal/database/models.go:323.50,324.26 1 0
github.com/pvnkmnk/netrunner/backend/internal/database/models.go:324.26,326.3 1 0
github.com/pvnkmnk/netrunner/backend/internal/database/models.go:327.2,327.12 1 0
github.com/pvnkmnk/netrunner/backend/internal/database/models.go:380.55,382.27 2 0
github.com/pvnkmnk/netrunner/backend/internal/database/models.go:382.27,384.3 1 0
github.com/pvnkmnk/netrunner/backend/internal/database/models.go:385.2,385.27 1 0
github.com/pvnkmnk/netrunner/backend/internal/database/models.go:385.27,387.3 1 0
github.com/pvnkmnk/netrunner/backend/internal/database/models.go:388.2,388.12 1 0
github.com/pvnkmnk/netrunner/backend/internal/database/models.go:401.57,402.26 1 0
github.com/pvnkmnk/netrunner/backend/internal/database/models.go:402.26,404.3 1 0
github.com/pvnkmnk/netrunner/backend/internal/database/models.go:405.2,405.12 1 0
github.com/pvnkmnk/netrunner/backend/internal/database/models.go:435.48,436.27 1 0
github.com/pvnkmnk/netrunner/backend/internal/database/models.go:436.27,438.3 1 0
github.com/pvnkmnk/netrunner/backend/internal/database/models.go:439.2,439.61 1 0
github.com/pvnkmnk/netrunner/backend/internal/database/models.go:443.43,445.2 1 0
github.com/pvnkmnk/netrunner/backend/internal/database/models.go:448.43,448.60 1 0
github.com/pvnkmnk/netrunner/backend/internal/database/models.go:449.43,449.64 1 0
github.com/pvnkmnk/netrunner/backend/internal/database/models.go:450.43,450.68 1 0
github.com/pvnkmnk/netrunner/backend/internal/database/models.go:451.43,451.61 1 0
github.com/pvnkmnk/netrunner/backend/internal/database/models.go:452.43,452.64 1 0
github.com/pvnkmnk/netrunner/backend/internal/database/models.go:453.43,453.72 1 0
github.com/pvnkmnk/netrunner/backend/internal/database/models.go:454.43,454.73 1 0
github.com/pvnkmnk/netrunner/backend/internal/database/models.go:455.43,455.72 1 0
github.com/pvnkmnk/netrunner/backend/internal/database/models.go:456.43,456.61 1 0
github.com/pvnkmnk/netrunner/backend/internal/database/models.go:457.43,457.64 1 0
github.com/pvnkmnk/netrunner/backend/internal/database/models.go:458.43,458.72 1 0
github.com/pvnkmnk/netrunner/backend/internal/database/models_helper.go:11.53,12.20 1 1
github.com/pvnkmnk/netrunner/backend/internal/database/models_helper.go:13.9,14.25 1 1
github.com/pvnkmnk/netrunner/backend/internal/database/models_helper.go:15.9,16.25 1 1
github.com/pvnkmnk/netrunner/backend/internal/database/models_helper.go:17.9,18.23 1 1
github.com/pvnkmnk/netrunner/backend/internal/database/models_helper.go:19.10,20.24 1 1
github.com/pvnkmnk/netrunner/backend/internal/database/models_helper.go:25.91,33.2 2 0
github.com/pvnkmnk/netrunner/backend/internal/database/models_helper.go:36.67,38.28 1 1
github.com/pvnkmnk/netrunner/backend/internal/database/models_helper.go:38.28,45.29 5 1
github.com/pvnkmnk/netrunner/backend/internal/database/models_helper.go:45.29,46.45 1 1
github.com/pvnkmnk/netrunner/backend/internal/database/models_helper.go:46.45,48.10 2 1
github.com/pvnkmnk/netrunner/backend/internal/database/models_helper.go:51.3,51.21 1 1
github.com/pvnkmnk/netrunner/backend/internal/database/models_helper.go:51.21,53.4 1 1
github.com/pvnkmnk/netrunner/backend/internal/database/models_helper.go:57.2,61.37 2 1
github.com/pvnkmnk/netrunner/backend/internal/database/models_helper.go:61.37,63.29 1 1
github.com/pvnkmnk/netrunner/backend/internal/database/models_helper.go:63.29,65.4 1 1
github.com/pvnkmnk/netrunner/backend/internal/database/models_helper.go:66.8,66.50 1 1
github.com/pvnkmnk/netrunner/backend/internal/database/models_helper.go:66.50,69.3 1 0
github.com/pvnkmnk/netrunner/backend/internal/database/models_helper.go:71.2,71.13 1 1
github.com/pvnkmnk/netrunner/backend/internal/database/models_helper.go:75.51,76.22 1 1
github.com/pvnkmnk/netrunner/backend/internal/database/models_helper.go:76.22,78.3 1 1
github.com/pvnkmnk/netrunner/backend/internal/database/models_helper.go:79.2,79.55 1 1
github.com/pvnkmnk/netrunner/backend/internal/database/models_helper.go:79.55,81.3 1 1
github.com/pvnkmnk/netrunner/backend/internal/database/models_helper.go:82.2,82.11 1 1
github.com/pvnkmnk/netrunner/backend/cmd/worker/main.go:66.81,106.2 17 1
github.com/pvnkmnk/netrunner/backend/cmd/worker/main.go:108.38,117.26 4 0
github.com/pvnkmnk/netrunner/backend/cmd/worker/main.go:117.26,122.3 4 0
github.com/pvnkmnk/netrunner/backend/cmd/worker/main.go:122.8,124.3 1 0
github.com/pvnkmnk/netrunner/backend/cmd/worker/main.go:127.2,127.41 1 0
github.com/pvnkmnk/netrunner/backend/cmd/worker/main.go:127.41,129.3 1 0
github.com/pvnkmnk/netrunner/backend/cmd/worker/main.go:132.2,132.6 1 0
github.com/pvnkmnk/netrunner/backend/cmd/worker/main.go:132.6,133.10 1 0
github.com/pvnkmnk/netrunner/backend/cmd/worker/main.go:134.23,135.10 1 0
github.com/pvnkmnk/netrunner/backend/cmd/worker/main.go:136.11,136.11 0 0
github.com/pvnkmnk/netrunner/backend/cmd/worker/main.go:139.3,143.10 3 0
github.com/pvnkmnk/netrunner/backend/cmd/worker/main.go:144.38,144.38 0 0
github.com/pvnkmnk/netrunner/backend/cmd/worker/main.go:146.23,147.82 1 0
github.com/pvnkmnk/netrunner/backend/cmd/worker/main.go:148.23,149.10 1 0
github.com/pvnkmnk/netrunner/backend/cmd/worker/main.go:154.53,162.6 4 0
github.com/pvnkmnk/netrunner/backend/cmd/worker/main.go:162.6,163.10 1 0
github.com/pvnkmnk/netrunner/backend/cmd/worker/main.go:164.23,165.10 1 0
github.com/pvnkmnk/netrunner/backend/cmd/worker/main.go:166.19,167.29 1 0
github.com/pvnkmnk/netrunner/backend/cmd/worker/main.go:172.54,174.16 2 0
github.com/pvnkmnk/netrunner/backend/cmd/worker/main.go:174.16,177.3 2 0
github.com/pvnkmnk/netrunner/backend/cmd/worker/main.go:179.2,179.26 1 0
github.com/pvnkmnk/netrunner/backend/cmd/worker/main.go:179.26,180.17 1 0
github.com/pvnkmnk/netrunner/backend/cmd/worker/main.go:180.17,181.12 1 0
github.com/pvnkmnk/netrunner/backend/cmd/worker/main.go:184.3,197.49 3 0
github.com/pvnkmnk/netrunner/backend/cmd/worker/main.go:197.49,199.4 1 0
github.com/pvnkmnk/netrunner/backend/cmd/worker/main.go:203.48,204.60 1 0
github.com/pvnkmnk/netrunner/backend/cmd/worker/main.go:204.60,205.17 1 0
github.com/pvnkmnk/netrunner/backend/cmd/worker/main.go:205.17,207.4 1 0
github.com/pvnkmnk/netrunner/backend/cmd/worker/main.go:210.2,212.16 3 0
github.com/pvnkmnk/netrunner/backend/cmd/worker/main.go:212.16,214.3 1 0
github.com/pvnkmnk/netrunner/backend/cmd/worker/main.go:216.2,218.6 2 0
github.com/pvnkmnk/netrunner/backend/cmd/worker/main.go:218.6,219.10 1 0
github.com/pvnkmnk/netrunner/backend/cmd/worker/main.go:220.23,221.10 1 0
github.com/pvnkmnk/netrunner/backend/cmd/worker/main.go:222.26,224.11 1 0
github.com/pvnkmnk/netrunner/backend/cmd/worker/main.go:225.30,225.30 0 0
github.com/pvnkmnk/netrunner/backend/cmd/worker/main.go:226.12,226.12 0 0
github.com/pvnkmnk/netrunner/backend/cmd/worker/main.go:228.38,229.22 1 0
github.com/pvnkmnk/netrunner/backend/cmd/worker/main.go:234.37,239.35 4 0
github.com/pvnkmnk/netrunner/backend/cmd/worker/main.go:239.35,242.3 2 0
github.com/pvnkmnk/netrunner/backend/cmd/worker/main.go:243.2,247.69 4 0
github.com/pvnkmnk/netrunner/backend/cmd/worker/main.go:250.46,252.6 2 0
github.com/pvnkmnk/netrunner/backend/cmd/worker/main.go:252.6,253.10 1 0
github.com/pvnkmnk/netrunner/backend/cmd/worker/main.go:254.23,255.10 1 0
github.com/pvnkmnk/netrunner/backend/cmd/worker/main.go:256.19,257.24 1 0
github.com/pvnkmnk/netrunner/backend/cmd/worker/main.go:262.49,263.63 1 0
github.com/pvnkmnk/netrunner/backend/cmd/worker/main.go:263.63,265.3 1 0
github.com/pvnkmnk/netrunner/backend/cmd/worker/main.go:266.2,267.16 2 0
github.com/pvnkmnk/netrunner/backend/cmd/worker/main.go:267.16,270.3 2 0
github.com/pvnkmnk/netrunner/backend/cmd/worker/main.go:271.2,271.31 1 0
github.com/pvnkmnk/netrunner/backend/cmd/worker/main.go:271.31,272.27 1 0
github.com/pvnkmnk/netrunner/backend/cmd/worker/main.go:272.27,275.4 2 0
github.com/pvnkmnk/netrunner/backend/cmd/worker/main.go:279.50,282.6 3 0
github.com/pvnkmnk/netrunner/backend/cmd/worker/main.go:282.6,283.10 1 0
github.com/pvnkmnk/netrunner/backend/cmd/worker/main.go:284.23,285.10 1 0
github.com/pvnkmnk/netrunner/backend/cmd/worker/main.go:286.19,291.18 4 0
github.com/pvnkmnk/netrunner/backend/cmd/worker/main.go:291.18,293.13 2 0
github.com/pvnkmnk/netrunner/backend/cmd/worker/main.go:296.4,296.35 1 0
github.com/pvnkmnk/netrunner/backend/cmd/worker/main.go:296.35,308.19 4 0
github.com/pvnkmnk/netrunner/backend/cmd/worker/main.go:308.19,310.6 1 0
github.com/pvnkmnk/netrunner/backend/cmd/worker/main.go:316.49,320.28 3 0
github.com/pvnkmnk/netrunner/backend/cmd/worker/main.go:320.28,322.3 1 0
github.com/pvnkmnk/netrunner/backend/cmd/worker/main.go:324.2,325.31 2 0
github.com/pvnkmnk/netrunner/backend/cmd/worker/main.go:325.31,327.3 1 0
github.com/pvnkmnk/netrunner/backend/cmd/worker/main.go:329.2,329.86 1 0
github.com/pvnkmnk/netrunner/backend/cmd/worker/main.go:332.46,336.6 3 0
github.com/pvnkmnk/netrunner/backend/cmd/worker/main.go:336.6,337.10 1 0
github.com/pvnkmnk/netrunner/backend/cmd/worker/main.go:338.23,339.10 1 0
github.com/pvnkmnk/netrunner/backend/cmd/worker/main.go:340.19,347.18 4 0
github.com/pvnkmnk/netrunner/backend/cmd/worker/main.go:347.18,349.13 2 0
github.com/pvnkmnk/netrunner/backend/cmd/worker/main.go:352.4,352.32 1 0
github.com/pvnkmnk/netrunner/backend/cmd/worker/main.go:352.32,366.51 3 0
github.com/pvnkmnk/netrunner/backend/cmd/worker/main.go:366.51,368.14 2 0
github.com/pvnkmnk/netrunner/backend/cmd/worker/main.go:372.5,373.19 2 0
github.com/pvnkmnk/netrunner/backend/cmd/worker/main.go:373.19,376.14 3 0
github.com/pvnkmnk/netrunner/backend/cmd/worker/main.go:379.5,384.7 3 0
github.com/pvnkmnk/netrunner/backend/cmd/worker/main.go:390.48,392.44 2 1
github.com/pvnkmnk/netrunner/backend/cmd/worker/main.go:392.44,395.3 2 1
github.com/pvnkmnk/netrunner/backend/cmd/worker/main.go:396.2,401.50 3 1
github.com/pvnkmnk/netrunner/backend/cmd/worker/main.go:401.50,404.17 2 1
github.com/pvnkmnk/netrunner/backend/cmd/worker/main.go:404.17,406.4 1 0
github.com/pvnkmnk/netrunner/backend/cmd/worker/main.go:409.3,415.11 2 1
github.com/pvnkmnk/netrunner/backend/cmd/worker/main.go:418.2,418.16 1 1
github.com/pvnkmnk/netrunner/backend/cmd/worker/main.go:418.16,419.36 1 0
github.com/pvnkmnk/netrunner/backend/cmd/worker/main.go:419.36,421.4 1 0
github.com/pvnkmnk/netrunner/backend/cmd/worker/main.go:422.3,422.9 1 0
github.com/pvnkmnk/netrunner/backend/cmd/worker/main.go:426.2,427.16 2 1
github.com/pvnkmnk/netrunner/backend/cmd/worker/main.go:427.16,430.3 2 0
github.com/pvnkmnk/netrunner/backend/cmd/worker/main.go:432.2,433.16 2 1
github.com/pvnkmnk/netrunner/backend/cmd/worker/main.go:433.16,436.3 2 0
github.com/pvnkmnk/netrunner/backend/cmd/worker/main.go:438.2,438.15 1 1
github.com/pvnkmnk/netrunner/backend/cmd/worker/main.go:438.15,446.3 3 0
github.com/pvnkmnk/netrunner/backend/cmd/worker/main.go:448.2,461.107 6 1
github.com/pvnkmnk/netrunner/backend/cmd/worker/main.go:464.60,467.31 3 0
github.com/pvnkmnk/netrunner/backend/cmd/worker/main.go:467.31,469.3 1 0
github.com/pvnkmnk/netrunner/backend/cmd/worker/main.go:470.2,472.31 2 0
github.com/pvnkmnk/netrunner/backend/cmd/worker/main.go:472.31,477.10 4 0
github.com/pvnkmnk/netrunner/backend/cmd/worker/main.go:477.10,478.12 1 0
github.com/pvnkmnk/netrunner/backend/cmd/worker/main.go:482.3,482.22 1 0
github.com/pvnkmnk/netrunner/backend/cmd/worker/main.go:483.22,486.28 2 0
github.com/pvnkmnk/netrunner/backend/cmd/worker/main.go:486.28,489.5 2 0
github.com/pvnkmnk/netrunner/backend/cmd/worker/main.go:490.15,492.28 2 0
github.com/pvnkmnk/netrunner/backend/cmd/worker/main.go:492.28,496.5 3 0
github.com/pvnkmnk/netrunner/backend/cmd/worker/main.go:497.11,499.28 2 0
github.com/pvnkmnk/netrunner/backend/cmd/worker/main.go:499.28,502.5 2 0
github.com/pvnkmnk/netrunner/backend/cmd/worker/main.go:507.69,510.16 2 0
github.com/pvnkmnk/netrunner/backend/cmd/worker/main.go:510.16,513.3 2 0
github.com/pvnkmnk/netrunner/backend/cmd/worker/main.go:515.2,515.17 1 0
github.com/pvnkmnk/netrunner/backend/cmd/worker/main.go:515.17,519.3 2 0
github.com/pvnkmnk/netrunner/backend/cmd/worker/main.go:521.2,522.16 2 0
github.com/pvnkmnk/netrunner/backend/cmd/worker/main.go:522.16,524.3 1 0
github.com/pvnkmnk/netrunner/backend/cmd/worker/main.go:527.77,529.50 2 1
github.com/pvnkmnk/netrunner/backend/cmd/worker/main.go:529.50,536.17 3 1
github.com/pvnkmnk/netrunner/backend/cmd/worker/main.go:536.17,537.37 1 1
github.com/pvnkmnk/netrunner/backend/cmd/worker/main.go:537.37,539.5 1 1
github.com/pvnkmnk/netrunner/backend/cmd/worker/main.go:540.4,540.14 1 0
github.com/pvnkmnk/netrunner/backend/cmd/worker/main.go:544.3,549.17 3 1
github.com/pvnkmnk/netrunner/backend/cmd/worker/main.go:549.17,551.4 1 0
github.com/pvnkmnk/netrunner/backend/cmd/worker/main.go:553.3,554.13 2 1
github.com/pvnkmnk/netrunner/backend/cmd/worker/main.go:557.2,557.20 1 1
github.com/pvnkmnk/netrunner/backend/cmd/worker/main.go:560.63,564.21 3 0
github.com/pvnkmnk/netrunner/backend/cmd/worker/main.go:565.21,567.46 2 0
github.com/pvnkmnk/netrunner/backend/cmd/worker/main.go:568.25,569.38 1 0
github.com/pvnkmnk/netrunner/backend/cmd/worker/main.go:570.23,573.28 2 0
github.com/pvnkmnk/netrunner/backend/cmd/worker/main.go:574.14,576.17 2 0
github.com/pvnkmnk/netrunner/backend/cmd/worker/main.go:576.17,580.4 3 0
github.com/pvnkmnk/netrunner/backend/cmd/worker/main.go:582.3,583.73 2 0
github.com/pvnkmnk/netrunner/backend/cmd/worker/main.go:583.73,586.4 2 0
github.com/pvnkmnk/netrunner/backend/cmd/worker/main.go:587.3,589.17 3 0
github.com/pvnkmnk/netrunner/backend/cmd/worker/main.go:589.17,591.4 1 0
github.com/pvnkmnk/netrunner/backend/cmd/worker/main.go:592.16,595.17 2 0
github.com/pvnkmnk/netrunner/backend/cmd/worker/main.go:595.17,599.4 3 0
github.com/pvnkmnk/netrunner/backend/cmd/worker/main.go:600.3,604.73 3 0
github.com/pvnkmnk/netrunner/backend/cmd/worker/main.go:604.73,607.4 2 0
github.com/pvnkmnk/netrunner/backend/cmd/worker/main.go:610.3,614.32 4 0
github.com/pvnkmnk/netrunner/backend/cmd/worker/main.go:614.32,615.11 1 0
github.com/pvnkmnk/netrunner/backend/cmd/worker/main.go:616.25,618.20 2 0
github.com/pvnkmnk/netrunner/backend/cmd/worker/main.go:619.12,619.12 0 0
github.com/pvnkmnk/netrunner/backend/cmd/worker/main.go:623.4,624.18 2 0
github.com/pvnkmnk/netrunner/backend/cmd/worker/main.go:624.18,626.13 2 0
github.com/pvnkmnk/netrunner/backend/cmd/worker/main.go:630.4,630.62 1 0
github.com/pvnkmnk/netrunner/backend/cmd/worker/main.go:630.62,632.5 1 0
github.com/pvnkmnk/netrunner/backend/cmd/worker/main.go:633.4,633.55 1 0
github.com/pvnkmnk/netrunner/backend/cmd/worker/main.go:633.55,635.5 1 0
github.com/pvnkmnk/netrunner/backend/cmd/worker/main.go:636.4,636.50 1 0
github.com/pvnkmnk/netrunner/backend/cmd/worker/main.go:636.50,638.5 1 0
github.com/pvnkmnk/netrunner/backend/cmd/worker/main.go:640.4,641.14 2 0
github.com/pvnkmnk/netrunner/backend/cmd/worker/main.go:645.3,645.83 1 0
github.com/pvnkmnk/netrunner/backend/cmd/worker/main.go:646.10,647.60 1 0
github.com/pvnkmnk/netrunner/backend/cmd/worker/main.go:650.2,650.29 1 0
github.com/pvnkmnk/netrunner/backend/cmd/worker/main.go:653.65,656.9 3 0
github.com/pvnkmnk/netrunner/backend/cmd/worker/main.go:656.9,659.3 2 0
github.com/pvnkmnk/netrunner/backend/cmd/worker/main.go:660.2,668.16 6 0
github.com/pvnkmnk/netrunner/backend/cmd/worker/main.go:668.16,671.3 2 0
github.com/pvnkmnk/netrunner/backend/cmd/worker/main.go:673.2,682.106 4 0
github.com/pvnkmnk/netrunner/backend/cmd/worker/main.go:685.13,687.16 2 0
github.com/pvnkmnk/netrunner/backend/cmd/worker/main.go:687.16,689.3 1 0
github.com/pvnkmnk/netrunner/backend/cmd/worker/main.go:691.2,692.16 2 0
github.com/pvnkmnk/netrunner/backend/cmd/worker/main.go:692.16,694.3 1 0
github.com/pvnkmnk/netrunner/backend/cmd/worker/main.go:696.2,705.15 7 0
github.com/pvnkmnk/netrunner/backend/internal/api/artists.go:20.122,22.2 1 0
github.com/pvnkmnk/netrunner/backend/internal/api/artists.go:25.51,30.21 4 0
github.com/pvnkmnk/netrunner/backend/internal/api/artists.go:30.21,35.3 2 0
github.com/pvnkmnk/netrunner/backend/internal/api/artists.go:36.2,36.14 1 0
github.com/pvnkmnk/netrunner/backend/internal/api/artists.go:36.14,38.3 1 0
github.com/pvnkmnk/netrunner/backend/internal/api/artists.go:40.2,41.16 2 0
github.com/pvnkmnk/netrunner/backend/internal/api/artists.go:41.16,43.3 1 0
github.com/pvnkmnk/netrunner/backend/internal/api/artists.go:44.2,44.24 1 0
github.com/pvnkmnk/netrunner/backend/internal/api/artists.go:48.50,53.21 4 0
github.com/pvnkmnk/netrunner/backend/internal/api/artists.go:53.21,58.3 2 0
github.com/pvnkmnk/netrunner/backend/internal/api/artists.go:59.2,59.14 1 0
github.com/pvnkmnk/netrunner/backend/internal/api/artists.go:59.14,61.3 1 0
github.com/pvnkmnk/netrunner/backend/internal/api/artists.go:63.2,68.47 2 0
github.com/pvnkmnk/netrunner/backend/internal/api/artists.go:68.47,70.3 1 0
github.com/pvnkmnk/netrunner/backend/internal/api/artists.go:72.2,72.24 1 0
github.com/pvnkmnk/netrunner/backend/internal/api/artists.go:72.24,74.3 1 0
github.com/pvnkmnk/netrunner/backend/internal/api/artists.go:77.2,78.37 2 0
github.com/pvnkmnk/netrunner/backend/internal/api/artists.go:78.37,80.3 1 0
github.com/pvnkmnk/netrunner/backend/internal/api/artists.go:83.2,87.22 2 0
github.com/pvnkmnk/netrunner/backend/internal/api/artists.go:87.22,90.3 1 0
github.com/pvnkmnk/netrunner/backend/internal/api/artists.go:93.2,94.36 2 0
github.com/pvnkmnk/netrunner/backend/internal/api/artists.go:94.36,97.17 3 0
github.com/pvnkmnk/netrunner/backend/internal/api/artists.go:97.17,99.4 1 0
github.com/pvnkmnk/netrunner/backend/internal/api/artists.go:100.8,103.82 2 0
github.com/pvnkmnk/netrunner/backend/internal/api/artists.go:103.82,105.4 1 0
github.com/pvnkmnk/netrunner/backend/internal/api/artists.go:105.9,105.43 1 0
github.com/pvnkmnk/netrunner/backend/internal/api/artists.go:105.43,107.4 1 0
github.com/pvnkmnk/netrunner/backend/internal/api/artists.go:111.2,112.16 2 0
github.com/pvnkmnk/netrunner/backend/internal/api/artists.go:112.16,114.3 1 0
github.com/pvnkmnk/netrunner/backend/internal/api/artists.go:116.2,116.38 1 0
github.com/pvnkmnk/netrunner/backend/internal/api/artists.go:120.53,125.21 4 0
github.com/pvnkmnk/netrunner/backend/internal/api/artists.go:125.21,130.3 2 0
github.com/pvnkmnk/netrunner/backend/internal/api/artists.go:131.2,131.14 1 0
github.com/pvnkmnk/netrunner/backend/internal/api/artists.go:131.14,133.3 1 0
github.com/pvnkmnk/netrunner/backend/internal/api/artists.go:135.2,136.16 2 0
github.com/pvnkmnk/netrunner/backend/internal/api/artists.go:136.16,138.3 1 0
github.com/pvnkmnk/netrunner/backend/internal/api/artists.go:140.2,140.93 1 0
github.com/pvnkmnk/netrunner/backend/internal/api/artists.go:140.93,142.3 1 0
github.com/pvnkmnk/netrunner/backend/internal/api/artists.go:144.2,144.47 1 0
github.com/pvnkmnk/netrunner/backend/internal/api/artists.go:148.53,153.21 4 0
github.com/pvnkmnk/netrunner/backend/internal/api/artists.go:153.21,158.3 2 0
github.com/pvnkmnk/netrunner/backend/internal/api/artists.go:159.2,159.14 1 0
github.com/pvnkmnk/netrunner/backend/internal/api/artists.go:159.14,161.3 1 0
github.com/pvnkmnk/netrunner/backend/internal/api/artists.go:163.2,164.16 2 0
github.com/pvnkmnk/netrunner/backend/internal/api/artists.go:164.16,166.3 1 0
github.com/pvnkmnk/netrunner/backend/internal/api/artists.go:168.2,172.47 2 0
github.com/pvnkmnk/netrunner/backend/internal/api/artists.go:172.47,174.3 1 0
github.com/pvnkmnk/netrunner/backend/internal/api/artists.go:176.2,176.30 1 0
github.com/pvnkmnk/netrunner/backend/internal/api/artists.go:176.30,177.111 1 0
github.com/pvnkmnk/netrunner/backend/internal/api/artists.go:177.111,179.4 1 0
github.com/pvnkmnk/netrunner/backend/internal/api/artists.go:183.2,185.26 3 0
github.com/pvnkmnk/netrunner/backend/internal/api/artists.go:185.26,187.3 1 0
github.com/pvnkmnk/netrunner/backend/internal/api/artists.go:189.2,189.51 1 0
github.com/pvnkmnk/netrunner/backend/internal/api/artists.go:189.51,191.3 1 0
github.com/pvnkmnk/netrunner/backend/internal/api/artists.go:193.2,193.70 1 0
github.com/pvnkmnk/netrunner/backend/internal/api/artists.go:197.54,202.21 4 0
github.com/pvnkmnk/netrunner/backend/internal/api/artists.go:202.21,207.3 2 0
github.com/pvnkmnk/netrunner/backend/internal/api/artists.go:209.2,211.14 2 0
github.com/pvnkmnk/netrunner/backend/internal/api/artists.go:211.14,212.13 1 0
github.com/pvnkmnk/netrunner/backend/internal/api/artists.go:212.13,214.4 1 0
github.com/pvnkmnk/netrunner/backend/internal/api/artists.go:215.3,215.30 1 0
github.com/pvnkmnk/netrunner/backend/internal/api/artists.go:218.2,219.51 2 0
github.com/pvnkmnk/netrunner/backend/internal/api/artists.go:219.51,222.3 2 0
github.com/pvnkmnk/netrunner/backend/internal/api/artists.go:224.2,227.4 2 0
github.com/pvnkmnk/netrunner/backend/internal/api/artists.go:231.60,236.21 4 0
github.com/pvnkmnk/netrunner/backend/internal/api/artists.go:236.21,241.3 2 0
github.com/pvnkmnk/netrunner/backend/internal/api/artists.go:243.2,245.14 2 0
github.com/pvnkmnk/netrunner/backend/internal/api/artists.go:245.14,246.13 1 0
github.com/pvnkmnk/netrunner/backend/internal/api/artists.go:246.13,248.4 1 0
github.com/pvnkmnk/netrunner/backend/internal/api/artists.go:249.3,249.30 1 0
github.com/pvnkmnk/netrunner/backend/internal/api/artists.go:252.2,254.26 3 0
github.com/pvnkmnk/netrunner/backend/internal/api/artists.go:254.26,256.3 1 0
github.com/pvnkmnk/netrunner/backend/internal/api/artists.go:258.2,258.51 1 0
github.com/pvnkmnk/netrunner/backend/internal/api/artists.go:258.51,261.3 2 0
github.com/pvnkmnk/netrunner/backend/internal/api/artists.go:262.2,262.68 1 0
github.com/pvnkmnk/netrunner/backend/internal/api/auth.go:24.47,26.2 1 1
github.com/pvnkmnk/netrunner/backend/internal/api/auth.go:29.52,35.47 2 1
github.com/pvnkmnk/netrunner/backend/internal/api/auth.go:35.47,37.3 1 1
github.com/pvnkmnk/netrunner/backend/internal/api/auth.go:39.2,39.51 1 1
github.com/pvnkmnk/netrunner/backend/internal/api/auth.go:39.51,41.3 1 1
github.com/pvnkmnk/netrunner/backend/internal/api/auth.go:44.2,45.86 2 1
github.com/pvnkmnk/netrunner/backend/internal/api/auth.go:45.86,48.3 2 1
github.com/pvnkmnk/netrunner/backend/internal/api/auth.go:51.2,52.16 2 1
github.com/pvnkmnk/netrunner/backend/internal/api/auth.go:52.16,54.3 1 0
github.com/pvnkmnk/netrunner/backend/internal/api/auth.go:56.2,62.49 2 1
github.com/pvnkmnk/netrunner/backend/internal/api/auth.go:62.49,64.3 1 0
github.com/pvnkmnk/netrunner/backend/internal/api/auth.go:66.2,66.54 1 1
github.com/pvnkmnk/netrunner/backend/internal/api/auth.go:70.49,76.47 2 1
github.com/pvnkmnk/netrunner/backend/internal/api/auth.go:76.47,78.3 1 0
github.com/pvnkmnk/netrunner/backend/internal/api/auth.go:80.2,81.82 2 1
github.com/pvnkmnk/netrunner/backend/internal/api/auth.go:81.82,83.3 1 1
github.com/pvnkmnk/netrunner/backend/internal/api/auth.go:85.2,85.107 1 1
github.com/pvnkmnk/netrunner/backend/internal/api/auth.go:85.107,87.3 1 0
github.com/pvnkmnk/netrunner/backend/internal/api/auth.go:90.2,91.16 2 1
github.com/pvnkmnk/netrunner/backend/internal/api/auth.go:91.16,93.3 1 0
github.com/pvnkmnk/netrunner/backend/internal/api/auth.go:95.2,104.52 3 1
github.com/pvnkmnk/netrunner/backend/internal/api/auth.go:104.52,106.3 1 0
github.com/pvnkmnk/netrunner/backend/internal/api/auth.go:109.2,122.29 4 1
github.com/pvnkmnk/netrunner/backend/internal/api/auth.go:126.50,128.21 2 1
github.com/pvnkmnk/netrunner/backend/internal/api/auth.go:128.21,130.3 1 1
github.com/pvnkmnk/netrunner/backend/internal/api/auth.go:132.2,133.42 2 1
github.com/pvnkmnk/netrunner/backend/internal/api/auth.go:136.40,138.2 1 0
github.com/pvnkmnk/netrunner/backend/internal/api/auth.go:141.58,143.21 2 1
github.com/pvnkmnk/netrunner/backend/internal/api/auth.go:143.21,145.3 1 1
github.com/pvnkmnk/netrunner/backend/internal/api/auth.go:147.2,152.16 3 1
github.com/pvnkmnk/netrunner/backend/internal/api/auth.go:152.16,154.3 1 1
github.com/pvnkmnk/netrunner/backend/internal/api/auth.go:157.2,158.17 2 0
github.com/pvnkmnk/netrunner/backend/internal/api/auth.go:161.42,163.40 2 1
github.com/pvnkmnk/netrunner/backend/internal/api/auth.go:163.40,165.3 1 0
github.com/pvnkmnk/netrunner/backend/internal/api/auth.go:166.2,166.35 1 1
github.com/pvnkmnk/netrunner/backend/internal/api/dashboard.go:18.57,20.2 1 1
github.com/pvnkmnk/netrunner/backend/internal/api/dashboard.go:22.60,27.21 4 0
github.com/pvnkmnk/netrunner/backend/internal/api/dashboard.go:27.21,31.17 2 0
github.com/pvnkmnk/netrunner/backend/internal/api/dashboard.go:31.17,33.4 1 0
github.com/pvnkmnk/netrunner/backend/internal/api/dashboard.go:37.2,58.22 7 0
github.com/pvnkmnk/netrunner/backend/internal/api/dashboard.go:58.22,60.27 2 0
github.com/pvnkmnk/netrunner/backend/internal/api/dashboard.go:60.27,62.4 1 0
github.com/pvnkmnk/netrunner/backend/internal/api/dashboard.go:63.3,63.27 1 0
github.com/pvnkmnk/netrunner/backend/internal/api/dashboard.go:67.2,77.4 3 0
github.com/pvnkmnk/netrunner/backend/internal/api/libraries.go:18.45,19.27 1 1
github.com/pvnkmnk/netrunner/backend/internal/api/libraries.go:19.27,21.3 1 1
github.com/pvnkmnk/netrunner/backend/internal/api/libraries.go:24.2,27.16 3 1
github.com/pvnkmnk/netrunner/backend/internal/api/libraries.go:27.16,29.3 1 1
github.com/pvnkmnk/netrunner/backend/internal/api/libraries.go:30.2,30.19 1 1
github.com/pvnkmnk/netrunner/backend/internal/api/libraries.go:30.19,32.3 1 1
github.com/pvnkmnk/netrunner/backend/internal/api/libraries.go:34.2,34.12 1 1
github.com/pvnkmnk/netrunner/backend/internal/api/libraries.go:41.53,43.2 1 1
github.com/pvnkmnk/netrunner/backend/internal/api/libraries.go:46.60,48.9 2 0
github.com/pvnkmnk/netrunner/backend/internal/api/libraries.go:48.9,50.3 1 0
github.com/pvnkmnk/netrunner/backend/internal/api/libraries.go:52.2,54.26 3 0
github.com/pvnkmnk/netrunner/backend/internal/api/libraries.go:54.26,56.3 1 0
github.com/pvnkmnk/netrunner/backend/internal/api/libraries.go:58.2,58.53 1 0
github.com/pvnkmnk/netrunner/backend/internal/api/libraries.go:58.53,60.3 1 0
github.com/pvnkmnk/netrunner/backend/internal/api/libraries.go:62.2,62.26 1 0
github.com/pvnkmnk/netrunner/backend/internal/api/libraries.go:66.57,68.9 2 0
github.com/pvnkmnk/netrunner/backend/internal/api/libraries.go:68.9,70.3 1 0
github.com/pvnkmnk/netrunner/backend/internal/api/libraries.go:72.2,73.16 2 0
github.com/pvnkmnk/netrunner/backend/internal/api/libraries.go:73.16,75.3 1 0
github.com/pvnkmnk/netrunner/backend/internal/api/libraries.go:77.2,79.26 3 0
github.com/pvnkmnk/netrunner/backend/internal/api/libraries.go:79.26,81.3 1 0
github.com/pvnkmnk/netrunner/backend/internal/api/libraries.go:83.2,83.52 1 0
github.com/pvnkmnk/netrunner/backend/internal/api/libraries.go:83.52,84.36 1 0
github.com/pvnkmnk/netrunner/backend/internal/api/libraries.go:84.36,86.4 1 0
github.com/pvnkmnk/netrunner/backend/internal/api/libraries.go:87.3,87.61 1 0
github.com/pvnkmnk/netrunner/backend/internal/api/libraries.go:90.2,90.24 1 0
github.com/pvnkmnk/netrunner/backend/internal/api/libraries.go:94.60,96.9 2 1
github.com/pvnkmnk/netrunner/backend/internal/api/libraries.go:96.9,98.3 1 0
github.com/pvnkmnk/netrunner/backend/internal/api/libraries.go:100.2,105.45 2 1
github.com/pvnkmnk/netrunner/backend/internal/api/libraries.go:105.45,107.3 1 0
github.com/pvnkmnk/netrunner/backend/internal/api/libraries.go:109.2,109.22 1 1
github.com/pvnkmnk/netrunner/backend/internal/api/libraries.go:109.22,111.3 1 0
github.com/pvnkmnk/netrunner/backend/internal/api/libraries.go:112.2,112.22 1 1
github.com/pvnkmnk/netrunner/backend/internal/api/libraries.go:112.22,114.3 1 0
github.com/pvnkmnk/netrunner/backend/internal/api/libraries.go:115.2,115.56 1 1
github.com/pvnkmnk/netrunner/backend/internal/api/libraries.go:115.56,117.3 1 1
github.com/pvnkmnk/netrunner/backend/internal/api/libraries.go:119.2,126.52 2 1
github.com/pvnkmnk/netrunner/backend/internal/api/libraries.go:126.52,128.3 1 0
github.com/pvnkmnk/netrunner/backend/internal/api/libraries.go:130.2,130.36 1 1
github.com/pvnkmnk/netrunner/backend/internal/api/libraries.go:134.60,136.9 2 1
github.com/pvnkmnk/netrunner/backend/internal/api/libraries.go:136.9,138.3 1 0
github.com/pvnkmnk/netrunner/backend/internal/api/libraries.go:140.2,141.16 2 1
github.com/pvnkmnk/netrunner/backend/internal/api/libraries.go:141.16,143.3 1 0
github.com/pvnkmnk/netrunner/backend/internal/api/libraries.go:145.2,147.26 3 1
github.com/pvnkmnk/netrunner/backend/internal/api/libraries.go:147.26,149.3 1 0
github.com/pvnkmnk/netrunner/backend/internal/api/libraries.go:150.2,150.52 1 1
github.com/pvnkmnk/netrunner/backend/internal/api/libraries.go:150.52,151.36 1 0
github.com/pvnkmnk/netrunner/backend/internal/api/libraries.go:151.36,153.4 1 0
github.com/pvnkmnk/netrunner/backend/internal/api/libraries.go:154.3,154.61 1 0
github.com/pvnkmnk/netrunner/backend/internal/api/libraries.go:157.2,164.45 2 1
github.com/pvnkmnk/netrunner/backend/internal/api/libraries.go:164.45,166.3 1 0
github.com/pvnkmnk/netrunner/backend/internal/api/libraries.go:168.2,168.23 1 1
github.com/pvnkmnk/netrunner/backend/internal/api/libraries.go:168.23,169.24 1 0
github.com/pvnkmnk/netrunner/backend/internal/api/libraries.go:169.24,171.4 1 0
github.com/pvnkmnk/netrunner/backend/internal/api/libraries.go:172.3,172.29 1 0
github.com/pvnkmnk/netrunner/backend/internal/api/libraries.go:174.2,174.23 1 1
github.com/pvnkmnk/netrunner/backend/internal/api/libraries.go:174.23,175.24 1 1
github.com/pvnkmnk/netrunner/backend/internal/api/libraries.go:175.24,177.4 1 0
github.com/pvnkmnk/netrunner/backend/internal/api/libraries.go:178.3,178.58 1 1
github.com/pvnkmnk/netrunner/backend/internal/api/libraries.go:178.58,180.4 1 1
github.com/pvnkmnk/netrunner/backend/internal/api/libraries.go:181.3,181.45 1 1
github.com/pvnkmnk/netrunner/backend/internal/api/libraries.go:184.2,184.89 1 1
github.com/pvnkmnk/netrunner/backend/internal/api/libraries.go:184.89,186.3 1 0
github.com/pvnkmnk/netrunner/backend/internal/api/libraries.go:189.2,189.58 1 1
github.com/pvnkmnk/netrunner/backend/internal/api/libraries.go:189.58,191.3 1 0
github.com/pvnkmnk/netrunner/backend/internal/api/libraries.go:193.2,193.31 1 1
github.com/pvnkmnk/netrunner/backend/internal/api/libraries.go:193.31,195.3 1 0
github.com/pvnkmnk/netrunner/backend/internal/api/libraries.go:196.2,196.31 1 1
github.com/pvnkmnk/netrunner/backend/internal/api/libraries.go:196.31,198.3 1 0
github.com/pvnkmnk/netrunner/backend/internal/api/libraries.go:200.2,200.50 1 1
github.com/pvnkmnk/netrunner/backend/internal/api/libraries.go:200.50,202.3 1 0
github.com/pvnkmnk/netrunner/backend/internal/api/libraries.go:204.2,204.24 1 1
github.com/pvnkmnk/netrunner/backend/internal/api/libraries.go:208.60,210.9 2 0
github.com/pvnkmnk/netrunner/backend/internal/api/libraries.go:210.9,212.3 1 0
github.com/pvnkmnk/netrunner/backend/internal/api/libraries.go:214.2,215.16 2 0
github.com/pvnkmnk/netrunner/backend/internal/api/libraries.go:215.16,217.3 1 0
github.com/pvnkmnk/netrunner/backend/internal/api/libraries.go:219.2,221.26 3 0
github.com/pvnkmnk/netrunner/backend/internal/api/libraries.go:221.26,223.3 1 0
github.com/pvnkmnk/netrunner/backend/internal/api/libraries.go:224.2,224.52 1 0
github.com/pvnkmnk/netrunner/backend/internal/api/libraries.go:224.52,225.36 1 0
github.com/pvnkmnk/netrunner/backend/internal/api/libraries.go:225.36,227.4 1 0
github.com/pvnkmnk/netrunner/backend/internal/api/libraries.go:228.3,228.61 1 0
github.com/pvnkmnk/netrunner/backend/internal/api/libraries.go:232.2,232.53 1 0
github.com/pvnkmnk/netrunner/backend/internal/api/libraries.go:232.53,233.82 1 0
github.com/pvnkmnk/netrunner/backend/internal/api/libraries.go:233.82,235.4 1 0
github.com/pvnkmnk/netrunner/backend/internal/api/libraries.go:236.3,236.35 1 0
github.com/pvnkmnk/netrunner/backend/internal/api/libraries.go:237.17,239.3 1 0
github.com/pvnkmnk/netrunner/backend/internal/api/libraries.go:241.2,241.26 1 0
github.com/pvnkmnk/netrunner/backend/internal/api/libraries.go:245.58,247.9 2 0
github.com/pvnkmnk/netrunner/backend/internal/api/libraries.go:247.9,249.3 1 0
github.com/pvnkmnk/netrunner/backend/internal/api/libraries.go:251.2,252.16 2 0
github.com/pvnkmnk/netrunner/backend/internal/api/libraries.go:252.16,254.3 1 0
github.com/pvnkmnk/netrunner/backend/internal/api/libraries.go:256.2,258.26 3 0
github.com/pvnkmnk/netrunner/backend/internal/api/libraries.go:258.26,260.3 1 0
github.com/pvnkmnk/netrunner/backend/internal/api/libraries.go:261.2,261.52 1 0
github.com/pvnkmnk/netrunner/backend/internal/api/libraries.go:261.52,262.36 1 0
github.com/pvnkmnk/netrunner/backend/internal/api/libraries.go:262.36,264.4 1 0
github.com/pvnkmnk/netrunner/backend/internal/api/libraries.go:265.3,265.61 1 0
github.com/pvnkmnk/netrunner/backend/internal/api/libraries.go:269.2,279.48 2 0
github.com/pvnkmnk/netrunner/backend/internal/api/libraries.go:279.48,281.3 1 0
github.com/pvnkmnk/netrunner/backend/internal/api/libraries.go:283.2,286.4 1 0
github.com/pvnkmnk/netrunner/backend/internal/api/libraries.go:290.60,292.9 2 0
github.com/pvnkmnk/netrunner/backend/internal/api/libraries.go:292.9,294.3 1 0
github.com/pvnkmnk/netrunner/backend/internal/api/libraries.go:296.2,297.16 2 0
github.com/pvnkmnk/netrunner/backend/internal/api/libraries.go:297.16,299.3 1 0
github.com/pvnkmnk/netrunner/backend/internal/api/libraries.go:301.2,303.26 3 0
github.com/pvnkmnk/netrunner/backend/internal/api/libraries.go:303.26,305.3 1 0
github.com/pvnkmnk/netrunner/backend/internal/api/libraries.go:306.2,306.52 1 0
github.com/pvnkmnk/netrunner/backend/internal/api/libraries.go:306.52,307.36 1 0
github.com/pvnkmnk/netrunner/backend/internal/api/libraries.go:307.36,309.4 1 0
github.com/pvnkmnk/netrunner/backend/internal/api/libraries.go:310.3,310.61 1 0
github.com/pvnkmnk/netrunner/backend/internal/api/libraries.go:314.2,324.48 2 0
github.com/pvnkmnk/netrunner/backend/internal/api/libraries.go:324.48,326.3 1 0
github.com/pvnkmnk/netrunner/backend/internal/api/libraries.go:328.2,331.4 1 0
github.com/pvnkmnk/netrunner/backend/internal/api/libraries.go:335.57,337.9 2 0
github.com/pvnkmnk/netrunner/backend/internal/api/libraries.go:337.9,339.3 1 0
github.com/pvnkmnk/netrunner/backend/internal/api/libraries.go:341.2,342.16 2 0
github.com/pvnkmnk/netrunner/backend/internal/api/libraries.go:342.16,344.3 1 0
github.com/pvnkmnk/netrunner/backend/internal/api/libraries.go:347.2,349.26 3 0
github.com/pvnkmnk/netrunner/backend/internal/api/libraries.go:349.26,351.3 1 0
github.com/pvnkmnk/netrunner/backend/internal/api/libraries.go:352.2,352.52 1 0
github.com/pvnkmnk/netrunner/backend/internal/api/libraries.go:352.52,353.36 1 0
github.com/pvnkmnk/netrunner/backend/internal/api/libraries.go:353.36,355.4 1 0
github.com/pvnkmnk/netrunner/backend/internal/api/libraries.go:356.3,356.61 1 0
github.com/pvnkmnk/netrunner/backend/internal/api/libraries.go:359.2,360.118 2 0
github.com/pvnkmnk/netrunner/backend/internal/api/libraries.go:360.118,362.3 1 0
github.com/pvnkmnk/netrunner/backend/internal/api/libraries.go:364.2,364.23 1 0
github.com/pvnkmnk/netrunner/backend/internal/api/libraries.go:368.54,372.9 3 0
github.com/pvnkmnk/netrunner/backend/internal/api/libraries.go:372.9,373.13 1 0
github.com/pvnkmnk/netrunner/backend/internal/api/libraries.go:373.13,375.4 1 0
github.com/pvnkmnk/netrunner/backend/internal/api/libraries.go:376.3,376.30 1 0
github.com/pvnkmnk/netrunner/backend/internal/api/libraries.go:379.2,382.14 3 0
github.com/pvnkmnk/netrunner/backend/internal/api/libraries.go:382.14,384.17 2 0
github.com/pvnkmnk/netrunner/backend/internal/api/libraries.go:384.17,386.4 1 0
github.com/pvnkmnk/netrunner/backend/internal/api/libraries.go:387.3,388.27 2 0
github.com/pvnkmnk/netrunner/backend/internal/api/libraries.go:388.27,390.4 1 0
github.com/pvnkmnk/netrunner/backend/internal/api/libraries.go:391.3,391.49 1 0
github.com/pvnkmnk/netrunner/backend/internal/api/libraries.go:391.49,393.4 1 0
github.com/pvnkmnk/netrunner/backend/internal/api/libraries.go:396.2,401.4 2 0
github.com/pvnkmnk/netrunner/backend/internal/api/libraries.go:405.69,409.9 3 0
github.com/pvnkmnk/netrunner/backend/internal/api/libraries.go:409.9,410.13 1 0
github.com/pvnkmnk/netrunner/backend/internal/api/libraries.go:410.13,412.4 1 0
github.com/pvnkmnk/netrunner/backend/internal/api/libraries.go:413.3,413.30 1 0
github.com/pvnkmnk/netrunner/backend/internal/api/libraries.go:416.2,418.26 3 0
github.com/pvnkmnk/netrunner/backend/internal/api/libraries.go:418.26,420.3 1 0
github.com/pvnkmnk/netrunner/backend/internal/api/libraries.go:421.2,421.53 1 0
[...]
github.com/pvnkmnk/netrunner/backend/internal/services/slskd_service.go:370.35,372.5 1 0
github.com/pvnkmnk/netrunner/backend/internal/services/slskd_service.go:374.4,375.18 2 0
github.com/pvnkmnk/netrunner/backend/internal/services/slskd_service.go:375.18,377.5 1 0
github.com/pvnkmnk/netrunner/backend/internal/services/slskd_service.go:378.4,378.16 1 0
github.com/pvnkmnk/netrunner/backend/internal/services/slskd_service.go:378.16,380.5 1 0
github.com/pvnkmnk/netrunner/backend/internal/services/slskd_service.go:382.4,382.41 1 0
github.com/pvnkmnk/netrunner/backend/internal/services/slskd_service.go:382.41,384.5 1 0
github.com/pvnkmnk/netrunner/backend/internal/services/slskd_service.go:385.4,385.76 1 0
github.com/pvnkmnk/netrunner/backend/internal/services/slskd_service.go:385.76,387.5 1 0
github.com/pvnkmnk/netrunner/backend/internal/services/slskd_service.go:392.43,398.16 5 1
github.com/pvnkmnk/netrunner/backend/internal/services/slskd_service.go:398.16,400.3 1 0
github.com/pvnkmnk/netrunner/backend/internal/services/slskd_service.go:401.2,403.41 2 1
github.com/pvnkmnk/netrunner/backend/internal/services/slskd_service.go:415.68,421.16 5 0
github.com/pvnkmnk/netrunner/backend/internal/services/slskd_service.go:421.16,423.3 1 0
github.com/pvnkmnk/netrunner/backend/internal/services/slskd_service.go:424.2,426.38 2 0
github.com/pvnkmnk/netrunner/backend/internal/services/slskd_service.go:426.38,428.3 1 0
github.com/pvnkmnk/netrunner/backend/internal/services/slskd_service.go:430.2,441.67 2 0
github.com/pvnkmnk/netrunner/backend/internal/services/slskd_service.go:441.67,443.3 1 0
github.com/pvnkmnk/netrunner/backend/internal/services/slskd_service.go:445.2,446.41 2 0
github.com/pvnkmnk/netrunner/backend/internal/services/slskd_service.go:446.41,447.31 1 0
github.com/pvnkmnk/netrunner/backend/internal/services/slskd_service.go:447.31,453.4 1 0
github.com/pvnkmnk/netrunner/backend/internal/services/slskd_service.go:455.2,455.19 1 0
github.com/pvnkmnk/netrunner/backend/internal/services/spotify_provider.go:20.81,24.2 1 1
github.com/pvnkmnk/netrunner/backend/internal/services/spotify_provider.go:27.128,28.34 1 1
github.com/pvnkmnk/netrunner/backend/internal/services/spotify_provider.go:28.34,30.3 1 1
github.com/pvnkmnk/netrunner/backend/internal/services/spotify_provider.go:32.2,33.16 2 1
github.com/pvnkmnk/netrunner/backend/internal/services/spotify_provider.go:33.16,35.3 1 1
github.com/pvnkmnk/netrunner/backend/internal/services/spotify_provider.go:37.2,40.45 3 1
github.com/pvnkmnk/netrunner/backend/internal/services/spotify_provider.go:40.45,44.7 3 1
github.com/pvnkmnk/netrunner/backend/internal/services/spotify_provider.go:44.7,46.18 2 1
github.com/pvnkmnk/netrunner/backend/internal/services/spotify_provider.go:46.18,48.5 1 0
github.com/pvnkmnk/netrunner/backend/internal/services/spotify_provider.go:50.4,50.37 1 1
github.com/pvnkmnk/netrunner/backend/internal/services/spotify_provider.go:50.37,52.30 2 1
github.com/pvnkmnk/netrunner/backend/internal/services/spotify_provider.go:52.30,54.6 1 1
github.com/pvnkmnk/netrunner/backend/internal/services/spotify_provider.go:55.5,56.35 2 1
github.com/pvnkmnk/netrunner/backend/internal/services/spotify_provider.go:56.35,58.6 1 1
github.com/pvnkmnk/netrunner/backend/internal/services/spotify_provider.go:59.5,65.7 1 1
github.com/pvnkmnk/netrunner/backend/internal/services/spotify_provider.go:68.4,69.33 2 1
github.com/pvnkmnk/netrunner/backend/internal/services/spotify_provider.go:69.33,70.10 1 1
github.com/pvnkmnk/netrunner/backend/internal/services/spotify_provider.go:73.3,73.55 1 1
github.com/pvnkmnk/netrunner/backend/internal/services/spotify_provider.go:75.8,75.55 1 1
github.com/pvnkmnk/netrunner/backend/internal/services/spotify_provider.go:75.55,82.17 4 1
github.com/pvnkmnk/netrunner/backend/internal/services/spotify_provider.go:82.17,84.4 1 0
github.com/pvnkmnk/netrunner/backend/internal/services/spotify_provider.go:85.3,89.7 4 1
github.com/pvnkmnk/netrunner/backend/internal/services/spotify_provider.go:89.7,91.18 2 1
github.com/pvnkmnk/netrunner/backend/internal/services/spotify_provider.go:91.18,93.5 1 0
github.com/pvnkmnk/netrunner/backend/internal/services/spotify_provider.go:95.4,95.36 1 1
github.com/pvnkmnk/netrunner/backend/internal/services/spotify_provider.go:95.36,96.32 1 1
github.com/pvnkmnk/netrunner/backend/internal/services/spotify_provider.go:96.32,97.14 1 1
github.com/pvnkmnk/netrunner/backend/internal/services/spotify_provider.go:99.5,101.27 3 1
github.com/pvnkmnk/netrunner/backend/internal/services/spotify_provider.go:101.27,103.6 1 1
github.com/pvnkmnk/netrunner/backend/internal/services/spotify_provider.go:104.5,105.32 2 1
github.com/pvnkmnk/netrunner/backend/internal/services/spotify_provider.go:105.32,107.6 1 1
github.com/pvnkmnk/netrunner/backend/internal/services/spotify_provider.go:108.5,114.7 1 1
github.com/pvnkmnk/netrunner/backend/internal/services/spotify_provider.go:117.4,118.33 2 1
github.com/pvnkmnk/netrunner/backend/internal/services/spotify_provider.go:118.33,119.10 1 1
github.com/pvnkmnk/netrunner/backend/internal/services/spotify_provider.go:122.8,124.3 1 1
github.com/pvnkmnk/netrunner/backend/internal/services/spotify_provider.go:126.2,126.35 1 1
github.com/pvnkmnk/netrunner/backend/internal/services/spotify_provider.go:130.63,132.2 1 1
github.com/pvnkmnk/netrunner/backend/internal/services/spotify_provider.go:135.64,136.49 1 1
github.com/pvnkmnk/netrunner/backend/internal/services/spotify_provider.go:136.49,138.3 1 1
github.com/pvnkmnk/netrunner/backend/internal/services/spotify_provider.go:139.2,139.57 1 1
github.com/pvnkmnk/netrunner/backend/internal/services/spotify_provider.go:139.57,141.21 2 1
github.com/pvnkmnk/netrunner/backend/internal/services/spotify_provider.go:141.21,144.4 2 1
github.com/pvnkmnk/netrunner/backend/internal/services/spotify_provider.go:146.2,146.12 1 1
github.com/pvnkmnk/netrunner/backend/internal/services/spotify_service.go:21.60,22.64 1 1
github.com/pvnkmnk/netrunner/backend/internal/services/spotify_service.go:22.64,24.3 1 0
github.com/pvnkmnk/netrunner/backend/internal/services/spotify_service.go:26.2,39.3 5 1
github.com/pvnkmnk/netrunner/backend/internal/services/spotify_service.go:42.56,44.2 1 0
github.com/pvnkmnk/netrunner/backend/internal/services/spotify_service.go:46.113,48.20 2 0
github.com/pvnkmnk/netrunner/backend/internal/services/spotify_service.go:48.20,50.67 2 0
github.com/pvnkmnk/netrunner/backend/internal/services/spotify_service.go:50.67,52.4 1 0
github.com/pvnkmnk/netrunner/backend/internal/services/spotify_service.go:55.2,55.21 1 0
github.com/pvnkmnk/netrunner/backend/internal/services/spotify_service.go:55.21,57.3 1 0
github.com/pvnkmnk/netrunner/backend/internal/services/spotify_service.go:59.2,65.6 5 0
github.com/pvnkmnk/netrunner/backend/internal/services/spotify_service.go:65.6,72.17 3 0
github.com/pvnkmnk/netrunner/backend/internal/services/spotify_service.go:72.17,74.4 1 0
github.com/pvnkmnk/netrunner/backend/internal/services/spotify_service.go:76.3,76.28 1 0
github.com/pvnkmnk/netrunner/backend/internal/services/spotify_service.go:76.28,77.9 1 0
github.com/pvnkmnk/netrunner/backend/internal/services/spotify_service.go:80.3,80.36 1 0
github.com/pvnkmnk/netrunner/backend/internal/services/spotify_service.go:80.36,81.31 1 0
github.com/pvnkmnk/netrunner/backend/internal/services/spotify_service.go:81.31,82.13 1 0
github.com/pvnkmnk/netrunner/backend/internal/services/spotify_service.go:84.4,86.26 3 0
github.com/pvnkmnk/netrunner/backend/internal/services/spotify_service.go:86.26,88.5 1 0
github.com/pvnkmnk/netrunner/backend/internal/services/spotify_service.go:90.4,94.6 1 0
github.com/pvnkmnk/netrunner/backend/internal/services/spotify_service.go:97.3,98.33 2 0
github.com/pvnkmnk/netrunner/backend/internal/services/spotify_service.go:98.33,99.9 1 0
github.com/pvnkmnk/netrunner/backend/internal/services/spotify_service.go:103.2,103.20 1 0
github.com/pvnkmnk/netrunner/backend/internal/services/spotify_service.go:103.20,105.3 1 0
github.com/pvnkmnk/netrunner/backend/internal/services/spotify_service.go:107.2,107.23 1 0
github.com/pvnkmnk/netrunner/backend/internal/services/spotify_service.go:110.63,111.49 1 0
github.com/pvnkmnk/netrunner/backend/internal/services/spotify_service.go:111.49,113.3 1 0
github.com/pvnkmnk/netrunner/backend/internal/services/spotify_service.go:114.2,114.57 1 0
github.com/pvnkmnk/netrunner/backend/internal/services/spotify_service.go:114.57,116.21 2 0
github.com/pvnkmnk/netrunner/backend/internal/services/spotify_service.go:116.21,119.4 2 0
github.com/pvnkmnk/netrunner/backend/internal/services/spotify_service.go:121.2,121.12 1 0
github.com/pvnkmnk/netrunner/backend/internal/services/tagging_service.go:17.42,21.2 1 1
github.com/pvnkmnk/netrunner/backend/internal/services/tagging_service.go:35.70,36.38 1 1
github.com/pvnkmnk/netrunner/backend/internal/services/tagging_service.go:36.38,38.3 1 1
github.com/pvnkmnk/netrunner/backend/internal/services/tagging_service.go:42.61,44.2 1 1
github.com/pvnkmnk/netrunner/backend/internal/services/tagging_service.go:47.78,49.2 1 1
github.com/pvnkmnk/netrunner/backend/internal/services/tagging_service.go:52.77,54.16 2 1
github.com/pvnkmnk/netrunner/backend/internal/services/tagging_service.go:54.16,56.3 1 1
github.com/pvnkmnk/netrunner/backend/internal/services/tagging_service.go:57.2,60.49 3 1
github.com/pvnkmnk/netrunner/backend/internal/services/tagging_service.go:60.49,62.3 1 0
github.com/pvnkmnk/netrunner/backend/internal/services/tagging_service.go:64.2,64.48 1 1
github.com/pvnkmnk/netrunner/backend/internal/services/tagging_service.go:68.94,69.23 1 1
github.com/pvnkmnk/netrunner/backend/internal/services/tagging_service.go:69.23,71.3 1 1
github.com/pvnkmnk/netrunner/backend/internal/services/tagging_service.go:73.2,74.16 2 1
github.com/pvnkmnk/netrunner/backend/internal/services/tagging_service.go:74.16,76.3 1 0
github.com/pvnkmnk/netrunner/backend/internal/services/tagging_service.go:78.2,78.26 1 1
github.com/pvnkmnk/netrunner/backend/internal/services/tagging_service.go:82.90,83.16 1 1
github.com/pvnkmnk/netrunner/backend/internal/services/tagging_service.go:83.16,85.3 1 1
github.com/pvnkmnk/netrunner/backend/internal/services/tagging_service.go:87.2,88.66 2 1
github.com/pvnkmnk/netrunner/backend/internal/services/tagging_service.go:88.66,90.3 1 0
github.com/pvnkmnk/netrunner/backend/internal/services/tagging_service.go:92.2,92.25 1 1
github.com/pvnkmnk/netrunner/backend/internal/services/tagging_service.go:96.102,97.17 1 1
github.com/pvnkmnk/netrunner/backend/internal/services/tagging_service.go:97.17,99.3 1 1
github.com/pvnkmnk/netrunner/backend/internal/services/tagging_service.go:100.2,100.21 1 1
github.com/pvnkmnk/netrunner/backend/internal/services/tagging_service.go:100.21,102.3 1 1
github.com/pvnkmnk/netrunner/backend/internal/services/tagging_service.go:104.2,114.26 2 1
github.com/pvnkmnk/netrunner/backend/internal/services/tagging_service.go:114.26,116.3 1 1
github.com/pvnkmnk/netrunner/backend/internal/services/tagging_service.go:117.2,117.27 1 1
github.com/pvnkmnk/netrunner/backend/internal/services/tagging_service.go:117.27,119.3 1 0
github.com/pvnkmnk/netrunner/backend/internal/services/tagging_service.go:120.2,120.26 1 1
github.com/pvnkmnk/netrunner/backend/internal/services/tagging_service.go:120.26,122.3 1 0
github.com/pvnkmnk/netrunner/backend/internal/services/tagging_service.go:123.2,123.25 1 1
github.com/pvnkmnk/netrunner/backend/internal/services/tagging_service.go:123.25,125.3 1 0
github.com/pvnkmnk/netrunner/backend/internal/services/tagging_service.go:126.2,126.26 1 1
github.com/pvnkmnk/netrunner/backend/internal/services/tagging_service.go:126.26,128.3 1 1
github.com/pvnkmnk/netrunner/backend/internal/services/tagging_service.go:129.2,129.29 1 1
github.com/pvnkmnk/netrunner/backend/internal/services/tagging_service.go:129.29,131.3 1 0
github.com/pvnkmnk/netrunner/backend/internal/services/tagging_service.go:132.2,132.29 1 1
github.com/pvnkmnk/netrunner/backend/internal/services/tagging_service.go:132.29,134.3 1 0
github.com/pvnkmnk/netrunner/backend/internal/services/tagging_service.go:136.2,136.15 1 1
github.com/pvnkmnk/netrunner/backend/internal/services/transcoder_service.go:16.48,18.2 1 1
github.com/pvnkmnk/netrunner/backend/internal/services/transcoder_service.go:21.87,23.21 1 1
github.com/pvnkmnk/netrunner/backend/internal/services/transcoder_service.go:23.21,25.3 1 1
github.com/pvnkmnk/netrunner/backend/internal/services/transcoder_service.go:26.2,26.24 1 1
github.com/pvnkmnk/netrunner/backend/internal/services/transcoder_service.go:26.24,28.3 1 1
github.com/pvnkmnk/netrunner/backend/internal/services/transcoder_service.go:31.2,31.54 1 1
github.com/pvnkmnk/netrunner/backend/internal/services/transcoder_service.go:31.54,33.3 1 1
github.com/pvnkmnk/netrunner/backend/internal/services/transcoder_service.go:36.2,43.16 4 0
github.com/pvnkmnk/netrunner/backend/internal/services/transcoder_service.go:43.16,45.3 1 0
github.com/pvnkmnk/netrunner/backend/internal/services/transcoder_service.go:47.2,47.24 1 0
github.com/pvnkmnk/netrunner/backend/internal/services/transcoder_service.go:51.54,54.2 2 1
github.com/pvnkmnk/netrunner/backend/internal/services/watchlist_service.go:25.123,44.2 11 1
github.com/pvnkmnk/netrunner/backend/internal/services/watchlist_service.go:47.103,49.2 1 1
github.com/pvnkmnk/netrunner/backend/internal/services/watchlist_service.go:52.138,54.59 1 1
github.com/pvnkmnk/netrunner/backend/internal/services/watchlist_service.go:54.59,56.3 1 1
github.com/pvnkmnk/netrunner/backend/internal/services/watchlist_service.go:58.2,58.81 1 0
github.com/pvnkmnk/netrunner/backend/internal/services/watchlist_service.go:62.83,64.9 2 1
github.com/pvnkmnk/netrunner/backend/internal/services/watchlist_service.go:64.9,66.3 1 0
github.com/pvnkmnk/netrunner/backend/internal/services/watchlist_service.go:69.2,69.53 1 1
github.com/pvnkmnk/netrunner/backend/internal/services/watchlist_service.go:73.140,84.56 2 1
github.com/pvnkmnk/netrunner/backend/internal/services/watchlist_service.go:84.56,86.3 1 0
github.com/pvnkmnk/netrunner/backend/internal/services/watchlist_service.go:89.2,91.16 3 1
github.com/pvnkmnk/netrunner/backend/internal/services/watchlist_service.go:91.16,93.3 1 1
github.com/pvnkmnk/netrunner/backend/internal/services/watchlist_service.go:95.2,95.54 1 1
github.com/pvnkmnk/netrunner/backend/internal/services/watchlist_service.go:95.54,97.3 1 0
github.com/pvnkmnk/netrunner/backend/internal/services/watchlist_service.go:100.2,102.24 2 1
github.com/pvnkmnk/netrunner/backend/internal/services/watchlist_service.go:106.74,110.2 3 1
github.com/pvnkmnk/netrunner/backend/internal/services/watchlist_service.go:113.84,116.16 3 1
github.com/pvnkmnk/netrunner/backend/internal/services/watchlist_service.go:116.16,118.3 1 0
github.com/pvnkmnk/netrunner/backend/internal/services/watchlist_service.go:119.2,119.24 1 1
github.com/pvnkmnk/netrunner/backend/internal/services/watchlist_service.go:123.84,125.2 1 0
github.com/pvnkmnk/netrunner/backend/internal/services/watchlist_service.go:128.64,130.2 1 1
github.com/pvnkmnk/netrunner/backend/internal/services/watchlist_service.go:133.48,135.2 1 1
github.com/pvnkmnk/netrunner/backend/internal/services/watchlist_service.go:138.64,140.27 2 1
github.com/pvnkmnk/netrunner/backend/internal/services/watchlist_service.go:140.27,141.42 1 1
github.com/pvnkmnk/netrunner/backend/internal/services/watchlist_service.go:141.42,143.4 1 1
github.com/pvnkmnk/netrunner/backend/internal/services/watchlist_service.go:145.2,146.27 2 1
github.com/pvnkmnk/netrunner/backend/internal/services/watchlist_service.go:146.27,148.3 1 1
github.com/pvnkmnk/netrunner/backend/internal/services/watchlist_service.go:149.2,149.16 1 1
github.com/pvnkmnk/netrunner/backend/internal/services/watchlist_service.go:153.148,154.36 1 0
github.com/pvnkmnk/netrunner/backend/internal/services/watchlist_service.go:154.36,157.3 1 0
github.com/pvnkmnk/netrunner/backend/internal/services/watchlist_service.go:164.2,165.23 2 0
github.com/pvnkmnk/netrunner/backend/internal/services/watchlist_service.go:165.23,167.3 1 0
github.com/pvnkmnk/netrunner/backend/internal/services/watchlist_service.go:169.2,171.163 2 0
github.com/pvnkmnk/netrunner/backend/internal/services/watchlist_service.go:171.163,175.3 1 0
github.com/pvnkmnk/netrunner/backend/internal/services/watchlist_service.go:177.2,178.29 2 0
github.com/pvnkmnk/netrunner/backend/internal/services/watchlist_service.go:178.29,182.3 2 0
github.com/pvnkmnk/netrunner/backend/internal/services/watchlist_service.go:184.2,185.34 2 0
github.com/pvnkmnk/netrunner/backend/internal/services/watchlist_service.go:185.34,187.24 2 0
github.com/pvnkmnk/netrunner/backend/internal/services/watchlist_service.go:187.24,189.4 1 0
github.com/pvnkmnk/netrunner/backend/internal/services/watchlist_service.go:192.2,192.18 1 0
github.com/pvnkmnk/netrunner/backend/internal/services/watchlist_service.go:196.118,197.22 1 1
github.com/pvnkmnk/netrunner/backend/internal/services/watchlist_service.go:197.22,199.3 1 1
github.com/pvnkmnk/netrunner/backend/internal/services/watchlist_service.go:205.2,206.23 2 1
github.com/pvnkmnk/netrunner/backend/internal/services/watchlist_service.go:206.23,208.3 1 1
github.com/pvnkmnk/netrunner/backend/internal/services/watchlist_service.go:211.2,213.118 2 0
github.com/pvnkmnk/netrunner/backend/internal/services/watchlist_service.go:213.118,216.3 1 0
github.com/pvnkmnk/netrunner/backend/internal/services/watchlist_service.go:218.2,219.36 2 0
github.com/pvnkmnk/netrunner/backend/internal/services/watchlist_service.go:219.36,222.3 2 0
github.com/pvnkmnk/netrunner/backend/internal/services/watchlist_service.go:225.2,227.144 2 0
github.com/pvnkmnk/netrunner/backend/internal/services/watchlist_service.go:227.144,230.3 1 0
github.com/pvnkmnk/netrunner/backend/internal/services/watchlist_service.go:232.2,232.33 1 0
github.com/pvnkmnk/netrunner/backend/internal/services/watchlist_service.go:232.33,235.3 2 0
github.com/pvnkmnk/netrunner/backend/internal/services/watchlist_service.go:238.2,239.27 2 0
github.com/pvnkmnk/netrunner/backend/internal/services/watchlist_service.go:239.27,241.24 2 0
github.com/pvnkmnk/netrunner/backend/internal/services/watchlist_service.go:241.24,243.4 1 0
github.com/pvnkmnk/netrunner/backend/internal/services/watchlist_service.go:246.2,246.17 1 0
github.com/pvnkmnk/netrunner/backend/internal/services/watchlist_service.go:250.84,256.2 2 1
github.com/pvnkmnk/netrunner/backend/internal/services/ytdlp_service.go:16.38,18.2 1 1
github.com/pvnkmnk/netrunner/backend/internal/services/ytdlp_service.go:21.90,23.15 1 1
github.com/pvnkmnk/netrunner/backend/internal/services/ytdlp_service.go:23.15,25.3 1 1
github.com/pvnkmnk/netrunner/backend/internal/services/ytdlp_service.go:26.2,26.21 1 1
github.com/pvnkmnk/netrunner/backend/internal/services/ytdlp_service.go:26.21,28.3 1 1
github.com/pvnkmnk/netrunner/backend/internal/services/ytdlp_service.go:31.2,31.54 1 1
github.com/pvnkmnk/netrunner/backend/internal/services/ytdlp_service.go:31.54,33.3 1 1
github.com/pvnkmnk/netrunner/backend/internal/services/ytdlp_service.go:36.2,36.23 1 0
github.com/pvnkmnk/netrunner/backend/internal/services/ytdlp_service.go:36.23,38.3 1 0
github.com/pvnkmnk/netrunner/backend/internal/services/ytdlp_service.go:41.2,55.16 4 0
github.com/pvnkmnk/netrunner/backend/internal/services/ytdlp_service.go:55.16,57.3 1 0
github.com/pvnkmnk/netrunner/backend/internal/services/ytdlp_service.go:61.2,62.21 2 0
github.com/pvnkmnk/netrunner/backend/internal/services/ytdlp_service.go:62.21,64.3 1 0
github.com/pvnkmnk/netrunner/backend/internal/services/ytdlp_service.go:67.2,70.59 2 0
github.com/pvnkmnk/netrunner/backend/internal/services/ytdlp_service.go:70.59,72.3 1 0
github.com/pvnkmnk/netrunner/backend/internal/services/ytdlp_service.go:74.2,74.28 1 0
github.com/pvnkmnk/netrunner/backend/internal/services/ytdlp_service.go:78.48,81.2 2 1
